-------------------------------------------------------------------------------
Test set: com.javaegitimleri.petclinic.web.PetClinicRestControllerTest
-------------------------------------------------------------------------------
Tests run: 6, Failures: 0, Errors: 6, Skipped: 0, Time elapsed: 6.113 s <<< FAILURE! - in com.javaegitimleri.petclinic.web.PetClinicRestControllerTest
testDeleteOwner(com.javaegitimleri.petclinic.web.PetClinicRestControllerTest)  Time elapsed: 0.696 s  <<< ERROR!
org.springframework.web.client.ResourceAccessException: I/O error on DELETE request for "http://localhost:8080/rest/owner/1": Connection refused: connect; nested exception is java.net.ConnectException: Connection refused: connect
	at com.javaegitimleri.petclinic.web.PetClinicRestControllerTest.testDeleteOwner(PetClinicRestControllerTest.java:35)
Caused by: java.net.ConnectException: Connection refused: connect
	at com.javaegitimleri.petclinic.web.PetClinicRestControllerTest.testDeleteOwner(PetClinicRestControllerTest.java:35)

testUpdateOwner(com.javaegitimleri.petclinic.web.PetClinicRestControllerTest)  Time elapsed: 1.214 s  <<< ERROR!
org.springframework.web.client.ResourceAccessException: I/O error on GET request for "http://localhost:8080/rest/owner/4": Connection refused: connect; nested exception is java.net.ConnectException: Connection refused: connect
	at com.javaegitimleri.petclinic.web.PetClinicRestControllerTest.testUpdateOwner(PetClinicRestControllerTest.java:46)
Caused by: java.net.ConnectException: Connection refused: connect
	at com.javaegitimleri.petclinic.web.PetClinicRestControllerTest.testUpdateOwner(PetClinicRestControllerTest.java:46)

testCreateOwner(com.javaegitimleri.petclinic.web.PetClinicRestControllerTest)  Time elapsed: 1.158 s  <<< ERROR!
org.springframework.web.client.ResourceAccessException: I/O error on POST request for "http://localhost:8080/rest/owner": Connection refused: connect; nested exception is java.net.ConnectException: Connection refused: connect
	at com.javaegitimleri.petclinic.web.PetClinicRestControllerTest.testCreateOwner(PetClinicRestControllerTest.java:65)
Caused by: java.net.ConnectException: Connection refused: connect
	at com.javaegitimleri.petclinic.web.PetClinicRestControllerTest.testCreateOwner(PetClinicRestControllerTest.java:65)

testGetOwnerByLastName(com.javaegitimleri.petclinic.web.PetClinicRestControllerTest)  Time elapsed: 1.016 s  <<< ERROR!
org.springframework.web.client.ResourceAccessException: I/O error on GET request for "http://localhost:8080/rest/owner": Connection refused: connect; nested exception is java.net.ConnectException: Connection refused: connect
	at com.javaegitimleri.petclinic.web.PetClinicRestControllerTest.testGetOwnerByLastName(PetClinicRestControllerTest.java:87)
Caused by: java.net.ConnectException: Connection refused: connect
	at com.javaegitimleri.petclinic.web.PetClinicRestControllerTest.testGetOwnerByLastName(PetClinicRestControllerTest.java:87)

testGetOwnerById(com.javaegitimleri.petclinic.web.PetClinicRestControllerTest)  Time elapsed: 1.012 s  <<< ERROR!
org.springframework.web.client.ResourceAccessException: I/O error on GET request for "http://localhost:8085/rest/owner/1": Connection refused: connect; nested exception is java.net.ConnectException: Connection refused: connect
	at com.javaegitimleri.petclinic.web.PetClinicRestControllerTest.testGetOwnerById(PetClinicRestControllerTest.java:76)
Caused by: java.net.ConnectException: Connection refused: connect
	at com.javaegitimleri.petclinic.web.PetClinicRestControllerTest.testGetOwnerById(PetClinicRestControllerTest.java:76)

testGetOwners(com.javaegitimleri.petclinic.web.PetClinicRestControllerTest)  Time elapsed: 1.016 s  <<< ERROR!
org.springframework.web.client.ResourceAccessException: I/O error on GET request for "http://localhost:8080/rest/owners": Connection refused: connect; nested exception is java.net.ConnectException: Connection refused: connect
	at com.javaegitimleri.petclinic.web.PetClinicRestControllerTest.testGetOwners(PetClinicRestControllerTest.java:101)
Caused by: java.net.ConnectException: Connection refused: connect
	at com.javaegitimleri.petclinic.web.PetClinicRestControllerTest.testGetOwners(PetClinicRestControllerTest.java:101)

