<?xml version="1.0" encoding="UTF-8"?>
<testsuite xmlns:xsi="http://www.w3.org/2001/XMLSchema-instance" xsi:noNamespaceSchemaLocation="https://maven.apache.org/surefire/maven-surefire-plugin/xsd/surefire-test-report.xsd" name="com.javaegitimleri.petclinic.dao.OwnerRepositoryTests" time="27.832" tests="1" errors="1" skipped="0" failures="0">
  <properties>
[...]
</properties>
  <testcase name="testCreateOwner" classname="com.javaegitimleri.petclinic.dao.OwnerRepositoryTests" time="0.549">
    <error message="Unexpected exception, expected&lt;javax.persistence.PersistenceException&gt; but was&lt;javax.validation.ConstraintViolationException&gt;" type="java.lang.Exception"><![CDATA[java.lang.Exception: Unexpected exception, expected<javax.persistence.PersistenceException> but was<javax.validation.ConstraintViolationException>
	at com.javaegitimleri.petclinic.dao.OwnerRepositoryTests.testCreateOwner(OwnerRepositoryTests.java:39)
]]></error>
    <system-out><![CDATA[10:54:02.122 [main] DEBUG org.springframework.test.context.junit4.SpringJUnit4ClassRunner - SpringJUnit4ClassRunner constructor called with [class com.javaegitimleri.petclinic.dao.OwnerRepositoryTests]
10:54:02.138 [main] DEBUG org.springframework.test.context.BootstrapUtils - Instantiating CacheAwareContextLoaderDelegate from class [org.springframework.test.context.cache.DefaultCacheAwareContextLoaderDelegate]
10:54:02.157 [main] DEBUG org.springframework.test.context.BootstrapUtils - Instantiating BootstrapContext using constructor [public org.springframework.test.context.support.DefaultBootstrapContext(java.lang.Class,org.springframework.test.context.CacheAwareContextLoaderDelegate)]
10:54:02.217 [main] DEBUG org.springframework.test.context.BootstrapUtils - Instantiating TestContextBootstrapper for test class [com.javaegitimleri.petclinic.dao.OwnerRepositoryTests] from class [org.springframework.boot.test.context.SpringBootTestContextBootstrapper]
10:54:02.273 [main] INFO org.springframework.boot.test.context.SpringBootTestContextBootstrapper - Neither @ContextConfiguration nor @ContextHierarchy found for test class [com.javaegitimleri.petclinic.dao.OwnerRepositoryTests], using SpringBootContextLoader
10:54:02.280 [main] DEBUG org.springframework.test.context.support.AbstractContextLoader - Did not detect default resource location for test class [com.javaegitimleri.petclinic.dao.OwnerRepositoryTests]: class path resource [com/javaegitimleri/petclinic/dao/OwnerRepositoryTests-context.xml] does not exist
10:54:02.280 [main] DEBUG org.springframework.test.context.support.AbstractContextLoader - Did not detect default resource location for test class [com.javaegitimleri.petclinic.dao.OwnerRepositoryTests]: class path resource [com/javaegitimleri/petclinic/dao/OwnerRepositoryTestsContext.groovy] does not exist
10:54:02.280 [main] INFO org.springframework.test.context.support.AbstractContextLoader - Could not detect default resource locations for test class [com.javaegitimleri.petclinic.dao.OwnerRepositoryTests]: no resource found for suffixes {-context.xml, Context.groovy}.
10:54:02.280 [main] INFO org.springframework.test.context.support.AnnotationConfigContextLoaderUtils - Could not detect default configuration classes for test class [com.javaegitimleri.petclinic.dao.OwnerRepositoryTests]: OwnerRepositoryTests does not declare any static, non-private, non-final, nested classes annotated with @Configuration.
10:54:02.516 [main] DEBUG org.springframework.core.env.StandardEnvironment - Adding PropertySource 'systemProperties' with lowest search precedence
10:54:02.516 [main] DEBUG org.springframework.core.env.StandardEnvironment - Adding PropertySource 'systemEnvironment' with lowest search precedence
10:54:02.525 [main] DEBUG org.springframework.core.env.StandardEnvironment - Initialized StandardEnvironment with PropertySources [MapPropertySource@592959754 {name='systemProperties', properties={idea.version=2020.3.1, java.runtime.name=Java(TM) SE Runtime Environment, sun.boot.library.path=C:\Program Files\Java\jdk1.8.0_45\jre\bin, java.vm.version=25.45-b02, user.country.format=TR, java.vm.vendor=Oracle Corporation, java.vendor.url=http://java.oracle.com/, path.separator=;, java.vm.name=Java HotSpot(TM) 64-Bit Server VM, file.encoding.pkg=sun.io, user.country=US, user.script=, sun.java.launcher=SUN_STANDARD, sun.os.patch.level=, java.vm.specification.name=Java Virtual Machine Specification, user.dir=E:\work\petclinic, java.runtime.version=1.8.0_45-b15, basedir=E:\work\petclinic, java.awt.graphicsenv=sun.awt.Win32GraphicsEnvironment, java.endorsed.dirs=C:\Program Files\Java\jdk1.8.0_45\jre\lib\endorsed, os.arch=amd64, surefire.real.class.path=C:\Users\ebubekir\AppData\Local\Temp\surefire9192908570003735553\surefirebooter1634350612617553846.jar, java.io.tmpdir=C:\Users\ebubekir\AppData\Local\Temp\, line.separator=
, java.vm.specification.vendor=Oracle Corporation, user.variant=, os.name=Windows 8.1, sun.jnu.encoding=Cp1254, java.library.path=C:\Program Files\Java\jdk1.8.0_45\jre\bin;C:\Windows\Sun\Java\bin;C:\Windows\system32;C:\Windows;C:\ProgramData\Oracle\Java\javapath;C:\oraclexe\app\oracle\product\11.2.0\server\bin;C:\Windows\system32;C:\Windows;C:\Windows\System32\Wbem;C:\Windows\System32\WindowsPowerShell\v1.0\;C:\Program Files\Java\jdk-11.0.9\bin;C:\Program Files\nodejs\;C:\Program Files\Git\cmd;C:\Program Files\apache-maven-3.6.3\bin;C:\Program Files\MySQL\MySQL Shell 8.0\bin\;C:\Users\ebubekir\AppData\Roaming\npm;C:\Users\ebubekir\AppData\Local\Programs\Microsoft VS Code\bin;C:\Program Files\Docker Toolbox;C:\Program Files\heroku\bin;., surefire.test.class.path=E:\work\petclinic\target\test-classes;E:\work\petclinic\target\classes;C:\Users\ebubekir\.m2\repository\org\springframework\boot\spring-boot-starter-mail\2.0.0.RELEASE\spring-boot-starter-mail-2.0.0.RELEASE.jar;C:\Users\ebubekir\.m2\repository\org\springframework\boot\spring-boot-starter\2.0.0.RELEASE\spring-boot-starter-2.0.0.RELEASE.jar;C:\Users\ebubekir\.m2\repository\org\springframework\boot\spring-boot\2.0.0.RELEASE\spring-boot-2.0.0.RELEASE.jar;C:\Users\ebubekir\.m2\repository\org\springframework\boot\spring-boot-autoconfigure\2.0.0.RELEASE\spring-boot-autoconfigure-2.0.0.RELEASE.jar;C:\Users\ebubekir\.m2\repository\org\springframework\boot\spring-boot-starter-logging\2.0.0.RELEASE\spring-boot-starter-logging-2.0.0.RELEASE.jar;C:\Users\ebubekir\.m2\repository\ch\qos\logback\logback-classic\1.2.3\logback-classic-1.2.3.jar;C:\Users\ebubekir\.m2\repository\ch\qos\logback\logback-core\1.2.3\logback-core-1.2.3.jar;C:\Users\ebubekir\.m2\repository\org\apache\logging\log4j\log4j-to-slf4j\2.10.0\log4j-to-slf4j-2.10.0.jar;C:\Users\ebubekir\.m2\repository\org\apache\logging\log4j\log4j-api\2.10.0\log4j-api-2.10.0.jar;C:\Users\ebubekir\.m2\repository\org\slf4j\jul-to-slf4j\1.7.25\jul-to-slf4j-1.7.25.jar;C:\Users\ebubekir\.m2\repository\javax\annotation\javax.annotation-api\1.3.2\javax.annotation-api-1.3.2.jar;C:\Users\ebubekir\.m2\repository\org\yaml\snakeyaml\1.19\snakeyaml-1.19.jar;C:\Users\ebubekir\.m2\repository\org\springframework\spring-context\5.0.4.RELEASE\spring-context-5.0.4.RELEASE.jar;C:\Users\ebubekir\.m2\repository\org\springframework\spring-beans\5.0.4.RELEASE\spring-beans-5.0.4.RELEASE.jar;C:\Users\ebubekir\.m2\repository\org\springframework\spring-expression\5.0.4.RELEASE\spring-expression-5.0.4.RELEASE.jar;C:\Users\ebubekir\.m2\repository\org\springframework\spring-context-support\5.0.4.RELEASE\spring-context-support-5.0.4.RELEASE.jar;C:\Users\ebubekir\.m2\repository\com\sun\mail\javax.mail\1.6.1\javax.mail-1.6.1.jar;C:\Users\ebubekir\.m2\repository\javax\activation\activation\1.1\activation-1.1.jar;C:\Users\ebubekir\.m2\repository\org\springframework\security\spring-security-test\5.0.3.RELEASE\spring-security-test-5.0.3.RELEASE.jar;C:\Users\ebubekir\.m2\repository\org\springframework\security\spring-security-core\5.0.3.RELEASE\spring-security-core-5.0.3.RELEASE.jar;C:\Users\ebubekir\.m2\repository\org\springframework\security\spring-security-web\5.0.3.RELEASE\spring-security-web-5.0.3.RELEASE.jar;C:\Users\ebubekir\.m2\repository\org\springframework\spring-core\5.0.4.RELEASE\spring-core-5.0.4.RELEASE.jar;C:\Users\ebubekir\.m2\repository\org\springframework\spring-jcl\5.0.4.RELEASE\spring-jcl-5.0.4.RELEASE.jar;C:\Users\ebubekir\.m2\repository\org\springframework\spring-test\5.0.4.RELEASE\spring-test-5.0.4.RELEASE.jar;C:\Users\ebubekir\.m2\repository\org\springframework\boot\spring-boot-starter-test\2.0.0.RELEASE\spring-boot-starter-test-2.0.0.RELEASE.jar;C:\Users\ebubekir\.m2\repository\org\springframework\boot\spring-boot-test\2.0.0.RELEASE\spring-boot-test-2.0.0.RELEASE.jar;C:\Users\ebubekir\.m2\repository\org\springframework\boot\spring-boot-test-autoconfigure\2.0.0.RELEASE\spring-boot-test-autoconfigure-2.0.0.RELEASE.jar;C:\Users\ebubekir\.m2\repository\com\jayway\jsonpath\json-path\2.4.0\json-path-2.4.0.jar;C:\Users\ebubekir\.m2\repository\net\minidev\json-smart\2.3\json-smart-2.3.jar;C:\Users\ebubekir\.m2\repository\net\minidev\accessors-smart\1.2\accessors-smart-1.2.jar;C:\Users\ebubekir\.m2\repository\org\ow2\asm\asm\5.0.4\asm-5.0.4.jar;C:\Users\ebubekir\.m2\repository\junit\junit\4.12\junit-4.12.jar;C:\Users\ebubekir\.m2\repository\org\assertj\assertj-core\3.9.1\assertj-core-3.9.1.jar;C:\Users\ebubekir\.m2\repository\org\mockito\mockito-core\2.15.0\mockito-core-2.15.0.jar;C:\Users\ebubekir\.m2\repository\net\bytebuddy\byte-buddy\1.7.10\byte-buddy-1.7.10.jar;C:\Users\ebubekir\.m2\repository\net\bytebuddy\byte-buddy-agent\1.7.10\byte-buddy-agent-1.7.10.jar;C:\Users\ebubekir\.m2\repository\org\objenesis\objenesis\2.6\objenesis-2.6.jar;C:\Users\ebubekir\.m2\repository\org\hamcrest\hamcrest-core\1.3\hamcrest-core-1.3.jar;C:\Users\ebubekir\.m2\repository\org\hamcrest\hamcrest-library\1.3\hamcrest-library-1.3.jar;C:\Users\ebubekir\.m2\repository\org\skyscreamer\jsonassert\1.5.0\jsonassert-1.5.0.jar;C:\Users\ebubekir\.m2\repository\com\vaadin\external\google\android-json\0.0.20131108.vaadin1\android-json-0.0.20131108.vaadin1.jar;C:\Users\ebubekir\.m2\repository\org\xmlunit\xmlunit-core\2.5.1\xmlunit-core-2.5.1.jar;C:\Users\ebubekir\.m2\repository\org\springframework\boot\spring-boot-starter-security\2.0.0.RELEASE\spring-boot-starter-security-2.0.0.RELEASE.jar;C:\Users\ebubekir\.m2\repository\org\springframework\spring-aop\5.0.4.RELEASE\spring-aop-5.0.4.RELEASE.jar;C:\Users\ebubekir\.m2\repository\org\springframework\security\spring-security-config\5.0.3.RELEASE\spring-security-config-5.0.3.RELEASE.jar;C:\Users\ebubekir\.m2\repository\org\springframework\boot\spring-boot-starter-data-jpa\2.0.0.RELEASE\spring-boot-starter-data-jpa-2.0.0.RELEASE.jar;C:\Users\ebubekir\.m2\repository\org\springframework\boot\spring-boot-starter-aop\2.0.0.RELEASE\spring-boot-starter-aop-2.0.0.RELEASE.jar;C:\Users\ebubekir\.m2\repository\org\aspectj\aspectjweaver\1.8.13\aspectjweaver-1.8.13.jar;C:\Users\ebubekir\.m2\repository\org\hibernate\hibernate-core\5.2.14.Final\hibernate-core-5.2.14.Final.jar;C:\Users\ebubekir\.m2\repository\org\jboss\logging\jboss-logging\3.3.2.Final\jboss-logging-3.3.2.Final.jar;C:\Users\ebubekir\.m2\repository\org\hibernate\javax\persistence\hibernate-jpa-2.1-api\1.0.0.Final\hibernate-jpa-2.1-api-1.0.0.Final.jar;C:\Users\ebubekir\.m2\repository\org\javassist\javassist\3.22.0-GA\javassist-3.22.0-GA.jar;C:\Users\ebubekir\.m2\repository\antlr\antlr\2.7.7\antlr-2.7.7.jar;C:\Users\ebubekir\.m2\repository\org\jboss\jandex\2.0.3.Final\jandex-2.0.3.Final.jar;C:\Users\ebubekir\.m2\repository\com\fasterxml\classmate\1.3.4\classmate-1.3.4.jar;C:\Users\ebubekir\.m2\repository\dom4j\dom4j\1.6.1\dom4j-1.6.1.jar;C:\Users\ebubekir\.m2\repository\org\hibernate\common\hibernate-commons-annotations\5.0.1.Final\hibernate-commons-annotations-5.0.1.Final.jar;C:\Users\ebubekir\.m2\repository\javax\transaction\javax.transaction-api\1.2\javax.transaction-api-1.2.jar;C:\Users\ebubekir\.m2\repository\org\springframework\data\spring-data-jpa\2.0.5.RELEASE\spring-data-jpa-2.0.5.RELEASE.jar;C:\Users\ebubekir\.m2\repository\org\springframework\data\spring-data-commons\2.0.5.RELEASE\spring-data-commons-2.0.5.RELEASE.jar;C:\Users\ebubekir\.m2\repository\org\springframework\spring-orm\5.0.4.RELEASE\spring-orm-5.0.4.RELEASE.jar;C:\Users\ebubekir\.m2\repository\org\springframework\spring-tx\5.0.4.RELEASE\spring-tx-5.0.4.RELEASE.jar;C:\Users\ebubekir\.m2\repository\org\springframework\spring-aspects\5.0.4.RELEASE\spring-aspects-5.0.4.RELEASE.jar;C:\Users\ebubekir\.m2\repository\com\h2database\h2\1.4.196\h2-1.4.196.jar;C:\Users\ebubekir\.m2\repository\org\springframework\boot\spring-boot-starter-jdbc\2.0.0.RELEASE\spring-boot-starter-jdbc-2.0.0.RELEASE.jar;C:\Users\ebubekir\.m2\repository\com\zaxxer\HikariCP\2.7.8\HikariCP-2.7.8.jar;C:\Users\ebubekir\.m2\repository\org\springframework\spring-jdbc\5.0.4.RELEASE\spring-jdbc-5.0.4.RELEASE.jar;C:\Users\ebubekir\.m2\repository\org\springframework\boot\spring-boot-starter-web\2.0.0.RELEASE\spring-boot-starter-web-2.0.0.RELEASE.jar;C:\Users\ebubekir\.m2\repository\org\springframework\boot\spring-boot-starter-json\2.0.0.RELEASE\spring-boot-starter-json-2.0.0.RELEASE.jar;C:\Users\ebubekir\.m2\repository\com\fasterxml\jackson\core\jackson-databind\2.9.4\jackson-databind-2.9.4.jar;C:\Users\ebubekir\.m2\repository\com\fasterxml\jackson\core\jackson-core\2.9.4\jackson-core-2.9.4.jar;C:\Users\ebubekir\.m2\repository\com\fasterxml\jackson\datatype\jackson-datatype-jdk8\2.9.4\jackson-datatype-jdk8-2.9.4.jar;C:\Users\ebubekir\.m2\repository\com\fasterxml\jackson\datatype\jackson-datatype-jsr310\2.9.4\jackson-datatype-jsr310-2.9.4.jar;C:\Users\ebubekir\.m2\repository\com\fasterxml\jackson\module\jackson-module-parameter-names\2.9.4\jackson-module-parameter-names-2.9.4.jar;C:\Users\ebubekir\.m2\repository\org\springframework\boot\spring-boot-starter-tomcat\2.0.0.RELEASE\spring-boot-starter-tomcat-2.0.0.RELEASE.jar;C:\Users\ebubekir\.m2\repository\org\apache\tomcat\embed\tomcat-embed-websocket\8.5.28\tomcat-embed-websocket-8.5.28.jar;C:\Users\ebubekir\.m2\repository\org\hibernate\validator\hibernate-validator\6.0.7.Final\hibernate-validator-6.0.7.Final.jar;C:\Users\ebubekir\.m2\repository\javax\validation\validation-api\2.0.1.Final\validation-api-2.0.1.Final.jar;C:\Users\ebubekir\.m2\repository\org\springframework\spring-web\5.0.4.RELEASE\spring-web-5.0.4.RELEASE.jar;C:\Users\ebubekir\.m2\repository\org\springframework\spring-webmvc\5.0.4.RELEASE\spring-webmvc-5.0.4.RELEASE.jar;C:\Users\ebubekir\.m2\repository\org\springframework\boot\spring-boot-starter-actuator\2.0.0.RELEASE\spring-boot-starter-actuator-2.0.0.RELEASE.jar;C:\Users\ebubekir\.m2\repository\org\springframework\boot\spring-boot-actuator-autoconfigure\2.0.0.RELEASE\spring-boot-actuator-autoconfigure-2.0.0.RELEASE.jar;C:\Users\ebubekir\.m2\repository\org\springframework\boot\spring-boot-actuator\2.0.0.RELEASE\spring-boot-actuator-2.0.0.RELEASE.jar;C:\Users\ebubekir\.m2\repository\io\micrometer\micrometer-core\1.0.1\micrometer-core-1.0.1.jar;C:\Users\ebubekir\.m2\repository\org\hdrhistogram\HdrHistogram\2.1.10\HdrHistogram-2.1.10.jar;C:\Users\ebubekir\.m2\repository\org\latencyutils\LatencyUtils\2.0.3\LatencyUtils-2.0.3.jar;C:\Users\ebubekir\.m2\repository\org\apache\tomcat\embed\tomcat-embed-jasper\8.5.28\tomcat-embed-jasper-8.5.28.jar;C:\Users\ebubekir\.m2\repository\org\apache\tomcat\embed\tomcat-embed-core\8.5.28\tomcat-embed-core-8.5.28.jar;C:\Users\ebubekir\.m2\repository\org\apache\tomcat\tomcat-annotations-api\8.5.28\tomcat-annotations-api-8.5.28.jar;C:\Users\ebubekir\.m2\repository\org\apache\tomcat\embed\tomcat-embed-el\8.5.28\tomcat-embed-el-8.5.28.jar;C:\Users\ebubekir\.m2\repository\org\eclipse\jdt\ecj\3.12.3\ecj-3.12.3.jar;C:\Users\ebubekir\.m2\repository\javax\servlet\jstl\1.2\jstl-1.2.jar;C:\Users\ebubekir\.m2\repository\org\springframework\boot\spring-boot-starter-thymeleaf\2.0.0.RELEASE\spring-boot-starter-thymeleaf-2.0.0.RELEASE.jar;C:\Users\ebubekir\.m2\repository\org\thymeleaf\thymeleaf-spring5\3.0.9.RELEASE\thymeleaf-spring5-3.0.9.RELEASE.jar;C:\Users\ebubekir\.m2\repository\org\thymeleaf\thymeleaf\3.0.9.RELEASE\thymeleaf-3.0.9.RELEASE.jar;C:\Users\ebubekir\.m2\repository\org\attoparser\attoparser\2.0.4.RELEASE\attoparser-2.0.4.RELEASE.jar;C:\Users\ebubekir\.m2\repository\org\unbescape\unbescape\1.1.5.RELEASE\unbescape-1.1.5.RELEASE.jar;C:\Users\ebubekir\.m2\repository\org\thymeleaf\extras\thymeleaf-extras-java8time\3.0.1.RELEASE\thymeleaf-extras-java8time-3.0.1.RELEASE.jar;C:\Users\ebubekir\.m2\repository\org\springframework\boot\spring-boot-starter-hateoas\2.0.0.RELEASE\spring-boot-starter-hateoas-2.0.0.RELEASE.jar;C:\Users\ebubekir\.m2\repository\org\springframework\hateoas\spring-hateoas\0.24.0.RELEASE\spring-hateoas-0.24.0.RELEASE.jar;C:\Users\ebubekir\.m2\repository\org\springframework\plugin\spring-plugin-core\1.2.0.RELEASE\spring-plugin-core-1.2.0.RELEASE.jar;C:\Users\ebubekir\.m2\repository\org\springframework\boot\spring-boot-starter-data-rest\2.0.0.RELEASE\spring-boot-starter-data-rest-2.0.0.RELEASE.jar;C:\Users\ebubekir\.m2\repository\org\springframework\data\spring-data-rest-webmvc\3.0.5.RELEASE\spring-data-rest-webmvc-3.0.5.RELEASE.jar;C:\Users\ebubekir\.m2\repository\org\springframework\data\spring-data-rest-core\3.0.5.RELEASE\spring-data-rest-core-3.0.5.RELEASE.jar;C:\Users\ebubekir\.m2\repository\org\atteo\evo-inflector\1.2.2\evo-inflector-1.2.2.jar;C:\Users\ebubekir\.m2\repository\com\fasterxml\jackson\core\jackson-annotations\2.9.0\jackson-annotations-2.9.0.jar;C:\Users\ebubekir\.m2\repository\org\springframework\data\spring-data-rest-hal-browser\3.0.5.RELEASE\spring-data-rest-hal-browser-3.0.5.RELEASE.jar;C:\Users\ebubekir\.m2\repository\org\slf4j\slf4j-api\1.7.25\slf4j-api-1.7.25.jar;C:\Users\ebubekir\.m2\repository\org\springframework\boot\spring-boot-starter-cache\2.0.0.RELEASE\spring-boot-starter-cache-2.0.0.RELEASE.jar;C:\Users\ebubekir\.m2\repository\javax\xml\bind\jaxb-api\2.3.1\jaxb-api-2.3.1.jar;C:\Users\ebubekir\.m2\repository\javax\activation\javax.activation-api\1.2.0\javax.activation-api-1.2.0.jar;, java.specification.name=Java Platform API Specification, java.class.version=52.0, sun.management.compiler=HotSpot 64-Bit Tiered Compilers, os.version=6.3, user.home=C:\Users\ebubekir, user.timezone=GMT+01:00, java.awt.printerjob=sun.awt.windows.WPrinterJob, file.encoding=Cp1254, java.specification.version=1.8, java.class.path=E:\work\petclinic\target\test-classes;E:\work\petclinic\target\classes;C:\Users\ebubekir\.m2\repository\org\springframework\boot\spring-boot-starter-mail\2.0.0.RELEASE\spring-boot-starter-mail-2.0.0.RELEASE.jar;C:\Users\ebubekir\.m2\repository\org\springframework\boot\spring-boot-starter\2.0.0.RELEASE\spring-boot-starter-2.0.0.RELEASE.jar;C:\Users\ebubekir\.m2\repository\org\springframework\boot\spring-boot\2.0.0.RELEASE\spring-boot-2.0.0.RELEASE.jar;C:\Users\ebubekir\.m2\repository\org\springframework\boot\spring-boot-autoconfigure\2.0.0.RELEASE\spring-boot-autoconfigure-2.0.0.RELEASE.jar;C:\Users\ebubekir\.m2\repository\org\springframework\boot\spring-boot-starter-logging\2.0.0.RELEASE\spring-boot-starter-logging-2.0.0.RELEASE.jar;C:\Users\ebubekir\.m2\repository\ch\qos\logback\logback-classic\1.2.3\logback-classic-1.2.3.jar;C:\Users\ebubekir\.m2\repository\ch\qos\logback\logback-core\1.2.3\logback-core-1.2.3.jar;C:\Users\ebubekir\.m2\repository\org\apache\logging\log4j\log4j-to-slf4j\2.10.0\log4j-to-slf4j-2.10.0.jar;C:\Users\ebubekir\.m2\repository\org\apache\logging\log4j\log4j-api\2.10.0\log4j-api-2.10.0.jar;C:\Users\ebubekir\.m2\repository\org\slf4j\jul-to-slf4j\1.7.25\jul-to-slf4j-1.7.25.jar;C:\Users\ebubekir\.m2\repository\javax\annotation\javax.annotation-api\1.3.2\javax.annotation-api-1.3.2.jar;C:\Users\ebubekir\.m2\repository\org\yaml\snakeyaml\1.19\snakeyaml-1.19.jar;C:\Users\ebubekir\.m2\repository\org\springframework\spring-context\5.0.4.RELEASE\spring-context-5.0.4.RELEASE.jar;C:\Users\ebubekir\.m2\repository\org\springframework\spring-beans\5.0.4.RELEASE\spring-beans-5.0.4.RELEASE.jar;C:\Users\ebubekir\.m2\repository\org\springframework\spring-expression\5.0.4.RELEASE\spring-expression-5.0.4.RELEASE.jar;C:\Users\ebubekir\.m2\repository\org\springframework\spring-context-support\5.0.4.RELEASE\spring-context-support-5.0.4.RELEASE.jar;C:\Users\ebubekir\.m2\repository\com\sun\mail\javax.mail\1.6.1\javax.mail-1.6.1.jar;C:\Users\ebubekir\.m2\repository\javax\activation\activation\1.1\activation-1.1.jar;C:\Users\ebubekir\.m2\repository\org\springframework\security\spring-security-test\5.0.3.RELEASE\spring-security-test-5.0.3.RELEASE.jar;C:\Users\ebubekir\.m2\repository\org\springframework\security\spring-security-core\5.0.3.RELEASE\spring-security-core-5.0.3.RELEASE.jar;C:\Users\ebubekir\.m2\repository\org\springframework\security\spring-security-web\5.0.3.RELEASE\spring-security-web-5.0.3.RELEASE.jar;C:\Users\ebubekir\.m2\repository\org\springframework\spring-core\5.0.4.RELEASE\spring-core-5.0.4.RELEASE.jar;C:\Users\ebubekir\.m2\repository\org\springframework\spring-jcl\5.0.4.RELEASE\spring-jcl-5.0.4.RELEASE.jar;C:\Users\ebubekir\.m2\repository\org\springframework\spring-test\5.0.4.RELEASE\spring-test-5.0.4.RELEASE.jar;C:\Users\ebubekir\.m2\repository\org\springframework\boot\spring-boot-starter-test\2.0.0.RELEASE\spring-boot-starter-test-2.0.0.RELEASE.jar;C:\Users\ebubekir\.m2\repository\org\springframework\boot\spring-boot-test\2.0.0.RELEASE\spring-boot-test-2.0.0.RELEASE.jar;C:\Users\ebubekir\.m2\repository\org\springframework\boot\spring-boot-test-autoconfigure\2.0.0.RELEASE\spring-boot-test-autoconfigure-2.0.0.RELEASE.jar;C:\Users\ebubekir\.m2\repository\com\jayway\jsonpath\json-path\2.4.0\json-path-2.4.0.jar;C:\Users\ebubekir\.m2\repository\net\minidev\json-smart\2.3\json-smart-2.3.jar;C:\Users\ebubekir\.m2\repository\net\minidev\accessors-smart\1.2\accessors-smart-1.2.jar;C:\Users\ebubekir\.m2\repository\org\ow2\asm\asm\5.0.4\asm-5.0.4.jar;C:\Users\ebubekir\.m2\repository\junit\junit\4.12\junit-4.12.jar;C:\Users\ebubekir\.m2\repository\org\assertj\assertj-core\3.9.1\assertj-core-3.9.1.jar;C:\Users\ebubekir\.m2\repository\org\mockito\mockito-core\2.15.0\mockito-core-2.15.0.jar;C:\Users\ebubekir\.m2\repository\net\bytebuddy\byte-buddy\1.7.10\byte-buddy-1.7.10.jar;C:\Users\ebubekir\.m2\repository\net\bytebuddy\byte-buddy-agent\1.7.10\byte-buddy-agent-1.7.10.jar;C:\Users\ebubekir\.m2\repository\org\objenesis\objenesis\2.6\objenesis-2.6.jar;C:\Users\ebubekir\.m2\repository\org\hamcrest\hamcrest-core\1.3\hamcrest-core-1.3.jar;C:\Users\ebubekir\.m2\repository\org\hamcrest\hamcrest-library\1.3\hamcrest-library-1.3.jar;C:\Users\ebubekir\.m2\repository\org\skyscreamer\jsonassert\1.5.0\jsonassert-1.5.0.jar;C:\Users\ebubekir\.m2\repository\com\vaadin\external\google\android-json\0.0.20131108.vaadin1\android-json-0.0.20131108.vaadin1.jar;C:\Users\ebubekir\.m2\repository\org\xmlunit\xmlunit-core\2.5.1\xmlunit-core-2.5.1.jar;C:\Users\ebubekir\.m2\repository\org\springframework\boot\spring-boot-starter-security\2.0.0.RELEASE\spring-boot-starter-security-2.0.0.RELEASE.jar;C:\Users\ebubekir\.m2\repository\org\springframework\spring-aop\5.0.4.RELEASE\spring-aop-5.0.4.RELEASE.jar;C:\Users\ebubekir\.m2\repository\org\springframework\security\spring-security-config\5.0.3.RELEASE\spring-security-config-5.0.3.RELEASE.jar;C:\Users\ebubekir\.m2\repository\org\springframework\boot\spring-boot-starter-data-jpa\2.0.0.RELEASE\spring-boot-starter-data-jpa-2.0.0.RELEASE.jar;C:\Users\ebubekir\.m2\repository\org\springframework\boot\spring-boot-starter-aop\2.0.0.RELEASE\spring-boot-starter-aop-2.0.0.RELEASE.jar;C:\Users\ebubekir\.m2\repository\org\aspectj\aspectjweaver\1.8.13\aspectjweaver-1.8.13.jar;C:\Users\ebubekir\.m2\repository\org\hibernate\hibernate-core\5.2.14.Final\hibernate-core-5.2.14.Final.jar;C:\Users\ebubekir\.m2\repository\org\jboss\logging\jboss-logging\3.3.2.Final\jboss-logging-3.3.2.Final.jar;C:\Users\ebubekir\.m2\repository\org\hibernate\javax\persistence\hibernate-jpa-2.1-api\1.0.0.Final\hibernate-jpa-2.1-api-1.0.0.Final.jar;C:\Users\ebubekir\.m2\repository\org\javassist\javassist\3.22.0-GA\javassist-3.22.0-GA.jar;C:\Users\ebubekir\.m2\repository\antlr\antlr\2.7.7\antlr-2.7.7.jar;C:\Users\ebubekir\.m2\repository\org\jboss\jandex\2.0.3.Final\jandex-2.0.3.Final.jar;C:\Users\ebubekir\.m2\repository\com\fasterxml\classmate\1.3.4\classmate-1.3.4.jar;C:\Users\ebubekir\.m2\repository\dom4j\dom4j\1.6.1\dom4j-1.6.1.jar;C:\Users\ebubekir\.m2\repository\org\hibernate\common\hibernate-commons-annotations\5.0.1.Final\hibernate-commons-annotations-5.0.1.Final.jar;C:\Users\ebubekir\.m2\repository\javax\transaction\javax.transaction-api\1.2\javax.transaction-api-1.2.jar;C:\Users\ebubekir\.m2\repository\org\springframework\data\spring-data-jpa\2.0.5.RELEASE\spring-data-jpa-2.0.5.RELEASE.jar;C:\Users\ebubekir\.m2\repository\org\springframework\data\spring-data-commons\2.0.5.RELEASE\spring-data-commons-2.0.5.RELEASE.jar;C:\Users\ebubekir\.m2\repository\org\springframework\spring-orm\5.0.4.RELEASE\spring-orm-5.0.4.RELEASE.jar;C:\Users\ebubekir\.m2\repository\org\springframework\spring-tx\5.0.4.RELEASE\spring-tx-5.0.4.RELEASE.jar;C:\Users\ebubekir\.m2\repository\org\springframework\spring-aspects\5.0.4.RELEASE\spring-aspects-5.0.4.RELEASE.jar;C:\Users\ebubekir\.m2\repository\com\h2database\h2\1.4.196\h2-1.4.196.jar;C:\Users\ebubekir\.m2\repository\org\springframework\boot\spring-boot-starter-jdbc\2.0.0.RELEASE\spring-boot-starter-jdbc-2.0.0.RELEASE.jar;C:\Users\ebubekir\.m2\repository\com\zaxxer\HikariCP\2.7.8\HikariCP-2.7.8.jar;C:\Users\ebubekir\.m2\repository\org\springframework\spring-jdbc\5.0.4.RELEASE\spring-jdbc-5.0.4.RELEASE.jar;C:\Users\ebubekir\.m2\repository\org\springframework\boot\spring-boot-starter-web\2.0.0.RELEASE\spring-boot-starter-web-2.0.0.RELEASE.jar;C:\Users\ebubekir\.m2\repository\org\springframework\boot\spring-boot-starter-json\2.0.0.RELEASE\spring-boot-starter-json-2.0.0.RELEASE.jar;C:\Users\ebubekir\.m2\repository\com\fasterxml\jackson\core\jackson-databind\2.9.4\jackson-databind-2.9.4.jar;C:\Users\ebubekir\.m2\repository\com\fasterxml\jackson\core\jackson-core\2.9.4\jackson-core-2.9.4.jar;C:\Users\ebubekir\.m2\repository\com\fasterxml\jackson\datatype\jackson-datatype-jdk8\2.9.4\jackson-datatype-jdk8-2.9.4.jar;C:\Users\ebubekir\.m2\repository\com\fasterxml\jackson\datatype\jackson-datatype-jsr310\2.9.4\jackson-datatype-jsr310-2.9.4.jar;C:\Users\ebubekir\.m2\repository\com\fasterxml\jackson\module\jackson-module-parameter-names\2.9.4\jackson-module-parameter-names-2.9.4.jar;C:\Users\ebubekir\.m2\repository\org\springframework\boot\spring-boot-starter-tomcat\2.0.0.RELEASE\spring-boot-starter-tomcat-2.0.0.RELEASE.jar;C:\Users\ebubekir\.m2\repository\org\apache\tomcat\embed\tomcat-embed-websocket\8.5.28\tomcat-embed-websocket-8.5.28.jar;C:\Users\ebubekir\.m2\repository\org\hibernate\validator\hibernate-validator\6.0.7.Final\hibernate-validator-6.0.7.Final.jar;C:\Users\ebubekir\.m2\repository\javax\validation\validation-api\2.0.1.Final\validation-api-2.0.1.Final.jar;C:\Users\ebubekir\.m2\repository\org\springframework\spring-web\5.0.4.RELEASE\spring-web-5.0.4.RELEASE.jar;C:\Users\ebubekir\.m2\repository\org\springframework\spring-webmvc\5.0.4.RELEASE\spring-webmvc-5.0.4.RELEASE.jar;C:\Users\ebubekir\.m2\repository\org\springframework\boot\spring-boot-starter-actuator\2.0.0.RELEASE\spring-boot-starter-actuator-2.0.0.RELEASE.jar;C:\Users\ebubekir\.m2\repository\org\springframework\boot\spring-boot-actuator-autoconfigure\2.0.0.RELEASE\spring-boot-actuator-autoconfigure-2.0.0.RELEASE.jar;C:\Users\ebubekir\.m2\repository\org\springframework\boot\spring-boot-actuator\2.0.0.RELEASE\spring-boot-actuator-2.0.0.RELEASE.jar;C:\Users\ebubekir\.m2\repository\io\micrometer\micrometer-core\1.0.1\micrometer-core-1.0.1.jar;C:\Users\ebubekir\.m2\repository\org\hdrhistogram\HdrHistogram\2.1.10\HdrHistogram-2.1.10.jar;C:\Users\ebubekir\.m2\repository\org\latencyutils\LatencyUtils\2.0.3\LatencyUtils-2.0.3.jar;C:\Users\ebubekir\.m2\repository\org\apache\tomcat\embed\tomcat-embed-jasper\8.5.28\tomcat-embed-jasper-8.5.28.jar;C:\Users\ebubekir\.m2\repository\org\apache\tomcat\embed\tomcat-embed-core\8.5.28\tomcat-embed-core-8.5.28.jar;C:\Users\ebubekir\.m2\repository\org\apache\tomcat\tomcat-annotations-api\8.5.28\tomcat-annotations-api-8.5.28.jar;C:\Users\ebubekir\.m2\repository\org\apache\tomcat\embed\tomcat-embed-el\8.5.28\tomcat-embed-el-8.5.28.jar;C:\Users\ebubekir\.m2\repository\org\eclipse\jdt\ecj\3.12.3\ecj-3.12.3.jar;C:\Users\ebubekir\.m2\repository\javax\servlet\jstl\1.2\jstl-1.2.jar;C:\Users\ebubekir\.m2\repository\org\springframework\boot\spring-boot-starter-thymeleaf\2.0.0.RELEASE\spring-boot-starter-thymeleaf-2.0.0.RELEASE.jar;C:\Users\ebubekir\.m2\repository\org\thymeleaf\thymeleaf-spring5\3.0.9.RELEASE\thymeleaf-spring5-3.0.9.RELEASE.jar;C:\Users\ebubekir\.m2\repository\org\thymeleaf\thymeleaf\3.0.9.RELEASE\thymeleaf-3.0.9.RELEASE.jar;C:\Users\ebubekir\.m2\repository\org\attoparser\attoparser\2.0.4.RELEASE\attoparser-2.0.4.RELEASE.jar;C:\Users\ebubekir\.m2\repository\org\unbescape\unbescape\1.1.5.RELEASE\unbescape-1.1.5.RELEASE.jar;C:\Users\ebubekir\.m2\repository\org\thymeleaf\extras\thymeleaf-extras-java8time\3.0.1.RELEASE\thymeleaf-extras-java8time-3.0.1.RELEASE.jar;C:\Users\ebubekir\.m2\repository\org\springframework\boot\spring-boot-starter-hateoas\2.0.0.RELEASE\spring-boot-starter-hateoas-2.0.0.RELEASE.jar;C:\Users\ebubekir\.m2\repository\org\springframework\hateoas\spring-hateoas\0.24.0.RELEASE\spring-hateoas-0.24.0.RELEASE.jar;C:\Users\ebubekir\.m2\repository\org\springframework\plugin\spring-plugin-core\1.2.0.RELEASE\spring-plugin-core-1.2.0.RELEASE.jar;C:\Users\ebubekir\.m2\repository\org\springframework\boot\spring-boot-starter-data-rest\2.0.0.RELEASE\spring-boot-starter-data-rest-2.0.0.RELEASE.jar;C:\Users\ebubekir\.m2\repository\org\springframework\data\spring-data-rest-webmvc\3.0.5.RELEASE\spring-data-rest-webmvc-3.0.5.RELEASE.jar;C:\Users\ebubekir\.m2\repository\org\springframework\data\spring-data-rest-core\3.0.5.RELEASE\spring-data-rest-core-3.0.5.RELEASE.jar;C:\Users\ebubekir\.m2\repository\org\atteo\evo-inflector\1.2.2\evo-inflector-1.2.2.jar;C:\Users\ebubekir\.m2\repository\com\fasterxml\jackson\core\jackson-annotations\2.9.0\jackson-annotations-2.9.0.jar;C:\Users\ebubekir\.m2\repository\org\springframework\data\spring-data-rest-hal-browser\3.0.5.RELEASE\spring-data-rest-hal-browser-3.0.5.RELEASE.jar;C:\Users\ebubekir\.m2\repository\org\slf4j\slf4j-api\1.7.25\slf4j-api-1.7.25.jar;C:\Users\ebubekir\.m2\repository\org\springframework\boot\spring-boot-starter-cache\2.0.0.RELEASE\spring-boot-starter-cache-2.0.0.RELEASE.jar;C:\Users\ebubekir\.m2\repository\javax\xml\bind\jaxb-api\2.3.1\jaxb-api-2.3.1.jar;C:\Users\ebubekir\.m2\repository\javax\activation\javax.activation-api\1.2.0\javax.activation-api-1.2.0.jar;, user.name=ebubekir, java.vm.specification.version=1.8, sun.java.command=C:\Users\ebubekir\AppData\Local\Temp\surefire9192908570003735553\surefirebooter1634350612617553846.jar C:\Users\ebubekir\AppData\Local\Temp\surefire9192908570003735553 2021-02-10T10-53-58_946-jvmRun1 surefire7088374621922605988tmp surefire_0361502839036644265tmp, java.home=C:\Program Files\Java\jdk1.8.0_45\jre, sun.arch.data.model=64, user.language=en, java.specification.vendor=Oracle Corporation, user.language.format=tr, awt.toolkit=sun.awt.windows.WToolkit, java.vm.info=mixed mode, java.version=1.8.0_45, java.ext.dirs=C:\Program Files\Java\jdk1.8.0_45\jre\lib\ext;C:\Windows\Sun\Java\lib\ext, sun.boot.class.path=C:\Program Files\Java\jdk1.8.0_45\jre\lib\resources.jar;C:\Program Files\Java\jdk1.8.0_45\jre\lib\rt.jar;C:\Program Files\Java\jdk1.8.0_45\jre\lib\sunrsasign.jar;C:\Program Files\Java\jdk1.8.0_45\jre\lib\jsse.jar;C:\Program Files\Java\jdk1.8.0_45\jre\lib\jce.jar;C:\Program Files\Java\jdk1.8.0_45\jre\lib\charsets.jar;C:\Program Files\Java\jdk1.8.0_45\jre\lib\jfr.jar;C:\Program Files\Java\jdk1.8.0_45\jre\classes, java.vendor=Oracle Corporation, localRepository=C:\Users\ebubekir\.m2\repository, file.separator=\, java.vendor.url.bug=http://bugreport.sun.com/bugreport/, sun.io.unicode.encoding=UnicodeLittle, sun.cpu.endian=little, sun.desktop=windows, sun.cpu.isalist=amd64}}, SystemEnvironmentPropertySource@1663619914 {name='systemEnvironment', properties={PATH=C:\ProgramData\Oracle\Java\javapath;C:\oraclexe\app\oracle\product\11.2.0\server\bin;C:\Windows\system32;C:\Windows;C:\Windows\System32\Wbem;C:\Windows\System32\WindowsPowerShell\v1.0\;C:\Program Files\Java\jdk-11.0.9\bin;C:\Program Files\nodejs\;C:\Program Files\Git\cmd;C:\Program Files\apache-maven-3.6.3\bin;C:\Program Files\MySQL\MySQL Shell 8.0\bin\;C:\Users\ebubekir\AppData\Roaming\npm;C:\Users\ebubekir\AppData\Local\Programs\Microsoft VS Code\bin;C:\Program Files\Docker Toolbox;C:\Program Files\heroku\bin, USERDOMAIN_ROAMINGPROFILE=DESKTOP-DL2IOOE, NO_PROXY=192.168.99.100, PROCESSOR_LEVEL=6, SYSTEMDRIVE=C:, SESSIONNAME=Console, ALLUSERSPROFILE=C:\ProgramData, PROCESSOR_ARCHITECTURE=AMD64, =E:=E:\work\petclinic, PROGRAMFILES=C:\Program Files, PSMODULEPATH=C:\Windows\system32\WindowsPowerShell\v1.0\Modules\, PROGRAMDATA=C:\ProgramData, USERNAME=ebubekir, FPS_BROWSER_USER_PROFILE_STRING=Default, ONEDRIVE=C:\Users\ebubekir\OneDrive, PATHEXT=.COM;.EXE;.BAT;.CMD;.VBS;.VBE;.JS;.JSE;.WSF;.WSH;.MSC, COMPOSE_CONVERT_WINDOWS_PATHS=true, WINDIR=C:\Windows, HOMEPATH=\Users\ebubekir, PROCESSOR_IDENTIFIER=Intel64 Family 6 Model 58 Stepping 9, GenuineIntel, JAVA_OPTIONS=-Dfile.encoding=UTF-8 -Duser.language=en, PUBLIC=C:\Users\Public, =::=::\, LOCALAPPDATA=C:\Users\ebubekir\AppData\Local, COMMONPROGRAMFILES(X86)=C:\Program Files (x86)\Common Files, DOCKER_HOST=tcp://192.168.99.100:2376, USERDOMAIN=DESKTOP-DL2IOOE, FPS_BROWSER_APP_PROFILE_STRING=Internet Explorer, LOGONSERVER=\\DESKTOP-DL2IOOE, JAVA_HOME=C:\Program Files\Java\jdk-11.0.9, PROMPT=$P$G, PROGRAMFILES(X86)=C:\Program Files (x86), APPDATA=C:\Users\ebubekir\AppData\Roaming, DOCKER_MACHINE_NAME=default, DOCKER_CERT_PATH=C:\Users\ebubekir\.docker\machine\machines\default, PROGRAMW6432=C:\Program Files, SYSTEMROOT=C:\Windows, VBOX_MSI_INSTALL_PATH=C:\Program Files\Oracle\VirtualBox\, OS=Windows_NT, COMMONPROGRAMW6432=C:\Program Files\Common Files, COMPUTERNAME=DESKTOP-DL2IOOE, COMMONPROGRAMFILES=C:\Program Files\Common Files, COMSPEC=C:\Windows\system32\cmd.exe, PROCESSOR_REVISION=3a09, DOCKER_TLS_VERIFY=1, TEMP=C:\Users\ebubekir\AppData\Local\Temp, HOMEDRIVE=C:, USERPROFILE=C:\Users\ebubekir, TMP=C:\Users\ebubekir\AppData\Local\Temp, NUMBER_OF_PROCESSORS=4, DOCKER_TOOLBOX_INSTALL_PATH=C:\Program Files\Docker Toolbox, IDEA_INITIAL_DIRECTORY=C:\Program Files\JetBrains\IntelliJ IDEA Community Edition 2020.3.1\bin}}]
10:54:02.556 [main] DEBUG org.springframework.core.io.support.PathMatchingResourcePatternResolver - Resolved classpath location [com/javaegitimleri/petclinic/dao/] to resources [URL [file:/E:/work/petclinic/target/test-classes/com/javaegitimleri/petclinic/dao/], URL [file:/E:/work/petclinic/target/classes/com/javaegitimleri/petclinic/dao/]]
10:54:02.556 [main] DEBUG org.springframework.core.io.support.PathMatchingResourcePatternResolver - Looking for matching resources in directory tree [E:\work\petclinic\target\test-classes\com\javaegitimleri\petclinic\dao]
10:54:02.557 [main] DEBUG org.springframework.core.io.support.PathMatchingResourcePatternResolver - Searching directory [E:\work\petclinic\target\test-classes\com\javaegitimleri\petclinic\dao] for files matching pattern [E:/work/petclinic/target/test-classes/com/javaegitimleri/petclinic/dao/*.class]
10:54:02.571 [main] DEBUG org.springframework.core.io.support.PathMatchingResourcePatternResolver - Looking for matching resources in directory tree [E:\work\petclinic\target\classes\com\javaegitimleri\petclinic\dao]
10:54:02.571 [main] DEBUG org.springframework.core.io.support.PathMatchingResourcePatternResolver - Searching directory [E:\work\petclinic\target\classes\com\javaegitimleri\petclinic\dao] for files matching pattern [E:/work/petclinic/target/classes/com/javaegitimleri/petclinic/dao/*.class]
10:54:02.577 [main] DEBUG org.springframework.core.io.support.PathMatchingResourcePatternResolver - Resolved location pattern [classpath*:com/javaegitimleri/petclinic/dao/*.class] to resources [file [E:\work\petclinic\target\test-classes\com\javaegitimleri\petclinic\dao\OwnerRepositoryTests.class], file [E:\work\petclinic\target\classes\com\javaegitimleri\petclinic\dao\OwnerRepository.class], file [E:\work\petclinic\target\classes\com\javaegitimleri\petclinic\dao\PetRepository.class]]
10:54:02.668 [main] DEBUG org.springframework.core.io.support.PathMatchingResourcePatternResolver - Resolved classpath location [com/javaegitimleri/petclinic/] to resources [URL [file:/E:/work/petclinic/target/test-classes/com/javaegitimleri/petclinic/], URL [file:/E:/work/petclinic/target/classes/com/javaegitimleri/petclinic/]]
10:54:02.669 [main] DEBUG org.springframework.core.io.support.PathMatchingResourcePatternResolver - Looking for matching resources in directory tree [E:\work\petclinic\target\test-classes\com\javaegitimleri\petclinic]
10:54:02.669 [main] DEBUG org.springframework.core.io.support.PathMatchingResourcePatternResolver - Searching directory [E:\work\petclinic\target\test-classes\com\javaegitimleri\petclinic] for files matching pattern [E:/work/petclinic/target/test-classes/com/javaegitimleri/petclinic/*.class]
10:54:02.691 [main] DEBUG org.springframework.core.io.support.PathMatchingResourcePatternResolver - Looking for matching resources in directory tree [E:\work\petclinic\target\classes\com\javaegitimleri\petclinic]
10:54:02.692 [main] DEBUG org.springframework.core.io.support.PathMatchingResourcePatternResolver - Searching directory [E:\work\petclinic\target\classes\com\javaegitimleri\petclinic] for files matching pattern [E:/work/petclinic/target/classes/com/javaegitimleri/petclinic/*.class]
10:54:02.696 [main] DEBUG org.springframework.core.io.support.PathMatchingResourcePatternResolver - Resolved location pattern [classpath*:com/javaegitimleri/petclinic/*.class] to resources [file [E:\work\petclinic\target\test-classes\com\javaegitimleri\petclinic\PasswordEncoderTests.class], file [E:\work\petclinic\target\test-classes\com\javaegitimleri\petclinic\PetClinicIntegrationTests.class], file [E:\work\petclinic\target\classes\com\javaegitimleri\petclinic\AbstractSecurityConfiguration.class], file [E:\work\petclinic\target\classes\com\javaegitimleri\petclinic\H2SecurityConfiguration.class], file [E:\work\petclinic\target\classes\com\javaegitimleri\petclinic\HalBrowserSecurityConfiguration.class], file [E:\work\petclinic\target\classes\com\javaegitimleri\petclinic\PetClinicApplication.class], file [E:\work\petclinic\target\classes\com\javaegitimleri\petclinic\PetClinicConfiguration.class], file [E:\work\petclinic\target\classes\com\javaegitimleri\petclinic\PetClinicProperties.class], file [E:\work\petclinic\target\classes\com\javaegitimleri\petclinic\RestSecurityConfiguration.class], file [E:\work\petclinic\target\classes\com\javaegitimleri\petclinic\SecurityConfiguration.class]]
10:54:02.849 [main] DEBUG org.springframework.context.annotation.ClassPathScanningCandidateComponentProvider - Identified candidate component class: file [E:\work\petclinic\target\classes\com\javaegitimleri\petclinic\PetClinicApplication.class]
10:54:02.869 [main] INFO org.springframework.boot.test.context.SpringBootTestContextBootstrapper - Found @SpringBootConfiguration com.javaegitimleri.petclinic.PetClinicApplication for test class com.javaegitimleri.petclinic.dao.OwnerRepositoryTests
10:54:03.720 [main] DEBUG org.springframework.boot.test.context.SpringBootTestContextBootstrapper - @TestExecutionListeners is not present for class [com.javaegitimleri.petclinic.dao.OwnerRepositoryTests]: using defaults.
10:54:03.720 [main] INFO org.springframework.boot.test.context.SpringBootTestContextBootstrapper - Loaded default TestExecutionListener class names from location [META-INF/spring.factories]: [org.springframework.security.test.context.support.WithSecurityContextTestExecutionListener, org.springframework.security.test.context.support.ReactorContextTestExecutionListener, org.springframework.test.context.web.ServletTestExecutionListener, org.springframework.test.context.support.DirtiesContextBeforeModesTestExecutionListener, org.springframework.test.context.support.DependencyInjectionTestExecutionListener, org.springframework.test.context.support.DirtiesContextTestExecutionListener, org.springframework.test.context.transaction.TransactionalTestExecutionListener, org.springframework.test.context.jdbc.SqlScriptsTestExecutionListener, org.springframework.boot.test.mock.mockito.MockitoTestExecutionListener, org.springframework.boot.test.mock.mockito.ResetMocksTestExecutionListener, org.springframework.boot.test.autoconfigure.restdocs.RestDocsTestExecutionListener, org.springframework.boot.test.autoconfigure.web.client.MockRestServiceServerResetTestExecutionListener, org.springframework.boot.test.autoconfigure.web.servlet.MockMvcPrintOnlyOnFailureTestExecutionListener, org.springframework.boot.test.autoconfigure.web.servlet.WebDriverTestExecutionListener]
10:54:03.766 [main] INFO org.springframework.boot.test.context.SpringBootTestContextBootstrapper - Using TestExecutionListeners: [org.springframework.test.context.web.ServletTestExecutionListener@55740540, org.springframework.test.context.support.DirtiesContextBeforeModesTestExecutionListener@60015ef5, org.springframework.boot.test.mock.mockito.MockitoTestExecutionListener@2f54a33d, org.springframework.boot.test.autoconfigure.SpringBootDependencyInjectionTestExecutionListener@1018bde2, org.springframework.test.context.support.DirtiesContextTestExecutionListener@65b3f4a4, org.springframework.test.context.transaction.TransactionalTestExecutionListener@f2ff811, org.springframework.test.context.jdbc.SqlScriptsTestExecutionListener@568ff82, org.springframework.security.test.context.support.WithSecurityContextTestExecutionListener@50caa560, org.springframework.security.test.context.support.ReactorContextTestExecutionListener@2a266d09, org.springframework.boot.test.mock.mockito.ResetMocksTestExecutionListener@5ab9e72c, org.springframework.boot.test.autoconfigure.restdocs.RestDocsTestExecutionListener@186f8716, org.springframework.boot.test.autoconfigure.web.client.MockRestServiceServerResetTestExecutionListener@1d8bd0de, org.springframework.boot.test.autoconfigure.web.servlet.MockMvcPrintOnlyOnFailureTestExecutionListener@45ca843, org.springframework.boot.test.autoconfigure.web.servlet.WebDriverTestExecutionListener@11c9af63]
10:54:03.782 [main] DEBUG org.springframework.test.annotation.ProfileValueUtils - Retrieved @ProfileValueSourceConfiguration [null] for test class [com.javaegitimleri.petclinic.dao.OwnerRepositoryTests]
10:54:03.782 [main] DEBUG org.springframework.test.annotation.ProfileValueUtils - Retrieved ProfileValueSource type [class org.springframework.test.annotation.SystemProfileValueSource] for class [com.javaegitimleri.petclinic.dao.OwnerRepositoryTests]
10:54:03.782 [main] DEBUG org.springframework.test.annotation.ProfileValueUtils - Retrieved @ProfileValueSourceConfiguration [null] for test class [com.javaegitimleri.petclinic.dao.OwnerRepositoryTests]
10:54:03.782 [main] DEBUG org.springframework.test.annotation.ProfileValueUtils - Retrieved ProfileValueSource type [class org.springframework.test.annotation.SystemProfileValueSource] for class [com.javaegitimleri.petclinic.dao.OwnerRepositoryTests]
10:54:03.782 [main] DEBUG org.springframework.test.annotation.ProfileValueUtils - Retrieved @ProfileValueSourceConfiguration [null] for test class [com.javaegitimleri.petclinic.dao.OwnerRepositoryTests]
10:54:03.782 [main] DEBUG org.springframework.test.annotation.ProfileValueUtils - Retrieved ProfileValueSource type [class org.springframework.test.annotation.SystemProfileValueSource] for class [com.javaegitimleri.petclinic.dao.OwnerRepositoryTests]
10:54:03.782 [main] DEBUG org.springframework.test.context.support.AbstractDirtiesContextTestExecutionListener - Before test class: context [DefaultTestContext@4a668b6e testClass = OwnerRepositoryTests, testInstance = [null], testMethod = [null], testException = [null], mergedContextConfiguration = [WebMergedContextConfiguration@5f683daf testClass = OwnerRepositoryTests, locations = '{}', classes = '{class com.javaegitimleri.petclinic.PetClinicApplication}', contextInitializerClasses = '[]', activeProfiles = '{dev}', propertySourceLocations = '{}', propertySourceProperties = '{org.springframework.boot.test.context.SpringBootTestContextBootstrapper=true}', contextCustomizers = set[org.springframework.boot.test.context.filter.ExcludeFilterContextCustomizer@4148db48, org.springframework.boot.test.json.DuplicateJsonObjectContextCustomizerFactory$DuplicateJsonObjectContextCustomizer@71a794e5, org.springframework.boot.test.mock.mockito.MockitoContextCustomizer@0, org.springframework.boot.test.web.client.TestRestTemplateContextCustomizer@49e202ad, org.springframework.boot.test.autoconfigure.properties.PropertyMappingContextCustomizer@0, org.springframework.boot.test.autoconfigure.web.servlet.WebDriverContextCustomizerFactory$Customizer@551bdc27], resourceBasePath = 'src/main/webapp', contextLoader = 'org.springframework.boot.test.context.SpringBootContextLoader', parent = [null]], attributes = map['org.springframework.test.context.web.ServletTestExecutionListener.activateListener' -> true]], class annotated with @DirtiesContext [false] with mode [null].
10:54:03.782 [main] DEBUG org.springframework.test.annotation.ProfileValueUtils - Retrieved @ProfileValueSourceConfiguration [null] for test class [com.javaegitimleri.petclinic.dao.OwnerRepositoryTests]
10:54:03.782 [main] DEBUG org.springframework.test.annotation.ProfileValueUtils - Retrieved ProfileValueSource type [class org.springframework.test.annotation.SystemProfileValueSource] for class [com.javaegitimleri.petclinic.dao.OwnerRepositoryTests]
10:54:03.829 [main] DEBUG org.springframework.core.env.StandardEnvironment - Adding PropertySource 'systemProperties' with lowest search precedence
10:54:03.829 [main] DEBUG org.springframework.core.env.StandardEnvironment - Adding PropertySource 'systemEnvironment' with lowest search precedence
10:54:03.845 [main] DEBUG org.springframework.core.env.StandardEnvironment - Initialized StandardEnvironment with PropertySources [MapPropertySource@657381435 {name='systemProperties', properties={idea.version=2020.3.1, java.runtime.name=Java(TM) SE Runtime Environment, sun.boot.library.path=C:\Program Files\Java\jdk1.8.0_45\jre\bin, java.vm.version=25.45-b02, user.country.format=TR, java.vm.vendor=Oracle Corporation, java.vendor.url=http://java.oracle.com/, path.separator=;, java.vm.name=Java HotSpot(TM) 64-Bit Server VM, file.encoding.pkg=sun.io, user.country=US, user.script=, sun.java.launcher=SUN_STANDARD, sun.os.patch.level=, java.vm.specification.name=Java Virtual Machine Specification, user.dir=E:\work\petclinic, java.runtime.version=1.8.0_45-b15, basedir=E:\work\petclinic, java.awt.graphicsenv=sun.awt.Win32GraphicsEnvironment, java.endorsed.dirs=C:\Program Files\Java\jdk1.8.0_45\jre\lib\endorsed, os.arch=amd64, surefire.real.class.path=C:\Users\ebubekir\AppData\Local\Temp\surefire9192908570003735553\surefirebooter1634350612617553846.jar, java.io.tmpdir=C:\Users\ebubekir\AppData\Local\Temp\, line.separator=
, java.vm.specification.vendor=Oracle Corporation, user.variant=, os.name=Windows 8.1, sun.jnu.encoding=Cp1254, java.library.path=C:\Program Files\Java\jdk1.8.0_45\jre\bin;C:\Windows\Sun\Java\bin;C:\Windows\system32;C:\Windows;C:\ProgramData\Oracle\Java\javapath;C:\oraclexe\app\oracle\product\11.2.0\server\bin;C:\Windows\system32;C:\Windows;C:\Windows\System32\Wbem;C:\Windows\System32\WindowsPowerShell\v1.0\;C:\Program Files\Java\jdk-11.0.9\bin;C:\Program Files\nodejs\;C:\Program Files\Git\cmd;C:\Program Files\apache-maven-3.6.3\bin;C:\Program Files\MySQL\MySQL Shell 8.0\bin\;C:\Users\ebubekir\AppData\Roaming\npm;C:\Users\ebubekir\AppData\Local\Programs\Microsoft VS Code\bin;C:\Program Files\Docker Toolbox;C:\Program Files\heroku\bin;., surefire.test.class.path=E:\work\petclinic\target\test-classes;E:\work\petclinic\target\classes;C:\Users\ebubekir\.m2\repository\org\springframework\boot\spring-boot-starter-mail\2.0.0.RELEASE\spring-boot-starter-mail-2.0.0.RELEASE.jar;C:\Users\ebubekir\.m2\repository\org\springframework\boot\spring-boot-starter\2.0.0.RELEASE\spring-boot-starter-2.0.0.RELEASE.jar;C:\Users\ebubekir\.m2\repository\org\springframework\boot\spring-boot\2.0.0.RELEASE\spring-boot-2.0.0.RELEASE.jar;C:\Users\ebubekir\.m2\repository\org\springframework\boot\spring-boot-autoconfigure\2.0.0.RELEASE\spring-boot-autoconfigure-2.0.0.RELEASE.jar;C:\Users\ebubekir\.m2\repository\org\springframework\boot\spring-boot-starter-logging\2.0.0.RELEASE\spring-boot-starter-logging-2.0.0.RELEASE.jar;C:\Users\ebubekir\.m2\repository\ch\qos\logback\logback-classic\1.2.3\logback-classic-1.2.3.jar;C:\Users\ebubekir\.m2\repository\ch\qos\logback\logback-core\1.2.3\logback-core-1.2.3.jar;C:\Users\ebubekir\.m2\repository\org\apache\logging\log4j\log4j-to-slf4j\2.10.0\log4j-to-slf4j-2.10.0.jar;C:\Users\ebubekir\.m2\repository\org\apache\logging\log4j\log4j-api\2.10.0\log4j-api-2.10.0.jar;C:\Users\ebubekir\.m2\repository\org\slf4j\jul-to-slf4j\1.7.25\jul-to-slf4j-1.7.25.jar;C:\Users\ebubekir\.m2\repository\javax\annotation\javax.annotation-api\1.3.2\javax.annotation-api-1.3.2.jar;C:\Users\ebubekir\.m2\repository\org\yaml\snakeyaml\1.19\snakeyaml-1.19.jar;C:\Users\ebubekir\.m2\repository\org\springframework\spring-context\5.0.4.RELEASE\spring-context-5.0.4.RELEASE.jar;C:\Users\ebubekir\.m2\repository\org\springframework\spring-beans\5.0.4.RELEASE\spring-beans-5.0.4.RELEASE.jar;C:\Users\ebubekir\.m2\repository\org\springframework\spring-expression\5.0.4.RELEASE\spring-expression-5.0.4.RELEASE.jar;C:\Users\ebubekir\.m2\repository\org\springframework\spring-context-support\5.0.4.RELEASE\spring-context-support-5.0.4.RELEASE.jar;C:\Users\ebubekir\.m2\repository\com\sun\mail\javax.mail\1.6.1\javax.mail-1.6.1.jar;C:\Users\ebubekir\.m2\repository\javax\activation\activation\1.1\activation-1.1.jar;C:\Users\ebubekir\.m2\repository\org\springframework\security\spring-security-test\5.0.3.RELEASE\spring-security-test-5.0.3.RELEASE.jar;C:\Users\ebubekir\.m2\repository\org\springframework\security\spring-security-core\5.0.3.RELEASE\spring-security-core-5.0.3.RELEASE.jar;C:\Users\ebubekir\.m2\repository\org\springframework\security\spring-security-web\5.0.3.RELEASE\spring-security-web-5.0.3.RELEASE.jar;C:\Users\ebubekir\.m2\repository\org\springframework\spring-core\5.0.4.RELEASE\spring-core-5.0.4.RELEASE.jar;C:\Users\ebubekir\.m2\repository\org\springframework\spring-jcl\5.0.4.RELEASE\spring-jcl-5.0.4.RELEASE.jar;C:\Users\ebubekir\.m2\repository\org\springframework\spring-test\5.0.4.RELEASE\spring-test-5.0.4.RELEASE.jar;C:\Users\ebubekir\.m2\repository\org\springframework\boot\spring-boot-starter-test\2.0.0.RELEASE\spring-boot-starter-test-2.0.0.RELEASE.jar;C:\Users\ebubekir\.m2\repository\org\springframework\boot\spring-boot-test\2.0.0.RELEASE\spring-boot-test-2.0.0.RELEASE.jar;C:\Users\ebubekir\.m2\repository\org\springframework\boot\spring-boot-test-autoconfigure\2.0.0.RELEASE\spring-boot-test-autoconfigure-2.0.0.RELEASE.jar;C:\Users\ebubekir\.m2\repository\com\jayway\jsonpath\json-path\2.4.0\json-path-2.4.0.jar;C:\Users\ebubekir\.m2\repository\net\minidev\json-smart\2.3\json-smart-2.3.jar;C:\Users\ebubekir\.m2\repository\net\minidev\accessors-smart\1.2\accessors-smart-1.2.jar;C:\Users\ebubekir\.m2\repository\org\ow2\asm\asm\5.0.4\asm-5.0.4.jar;C:\Users\ebubekir\.m2\repository\junit\junit\4.12\junit-4.12.jar;C:\Users\ebubekir\.m2\repository\org\assertj\assertj-core\3.9.1\assertj-core-3.9.1.jar;C:\Users\ebubekir\.m2\repository\org\mockito\mockito-core\2.15.0\mockito-core-2.15.0.jar;C:\Users\ebubekir\.m2\repository\net\bytebuddy\byte-buddy\1.7.10\byte-buddy-1.7.10.jar;C:\Users\ebubekir\.m2\repository\net\bytebuddy\byte-buddy-agent\1.7.10\byte-buddy-agent-1.7.10.jar;C:\Users\ebubekir\.m2\repository\org\objenesis\objenesis\2.6\objenesis-2.6.jar;C:\Users\ebubekir\.m2\repository\org\hamcrest\hamcrest-core\1.3\hamcrest-core-1.3.jar;C:\Users\ebubekir\.m2\repository\org\hamcrest\hamcrest-library\1.3\hamcrest-library-1.3.jar;C:\Users\ebubekir\.m2\repository\org\skyscreamer\jsonassert\1.5.0\jsonassert-1.5.0.jar;C:\Users\ebubekir\.m2\repository\com\vaadin\external\google\android-json\0.0.20131108.vaadin1\android-json-0.0.20131108.vaadin1.jar;C:\Users\ebubekir\.m2\repository\org\xmlunit\xmlunit-core\2.5.1\xmlunit-core-2.5.1.jar;C:\Users\ebubekir\.m2\repository\org\springframework\boot\spring-boot-starter-security\2.0.0.RELEASE\spring-boot-starter-security-2.0.0.RELEASE.jar;C:\Users\ebubekir\.m2\repository\org\springframework\spring-aop\5.0.4.RELEASE\spring-aop-5.0.4.RELEASE.jar;C:\Users\ebubekir\.m2\repository\org\springframework\security\spring-security-config\5.0.3.RELEASE\spring-security-config-5.0.3.RELEASE.jar;C:\Users\ebubekir\.m2\repository\org\springframework\boot\spring-boot-starter-data-jpa\2.0.0.RELEASE\spring-boot-starter-data-jpa-2.0.0.RELEASE.jar;C:\Users\ebubekir\.m2\repository\org\springframework\boot\spring-boot-starter-aop\2.0.0.RELEASE\spring-boot-starter-aop-2.0.0.RELEASE.jar;C:\Users\ebubekir\.m2\repository\org\aspectj\aspectjweaver\1.8.13\aspectjweaver-1.8.13.jar;C:\Users\ebubekir\.m2\repository\org\hibernate\hibernate-core\5.2.14.Final\hibernate-core-5.2.14.Final.jar;C:\Users\ebubekir\.m2\repository\org\jboss\logging\jboss-logging\3.3.2.Final\jboss-logging-3.3.2.Final.jar;C:\Users\ebubekir\.m2\repository\org\hibernate\javax\persistence\hibernate-jpa-2.1-api\1.0.0.Final\hibernate-jpa-2.1-api-1.0.0.Final.jar;C:\Users\ebubekir\.m2\repository\org\javassist\javassist\3.22.0-GA\javassist-3.22.0-GA.jar;C:\Users\ebubekir\.m2\repository\antlr\antlr\2.7.7\antlr-2.7.7.jar;C:\Users\ebubekir\.m2\repository\org\jboss\jandex\2.0.3.Final\jandex-2.0.3.Final.jar;C:\Users\ebubekir\.m2\repository\com\fasterxml\classmate\1.3.4\classmate-1.3.4.jar;C:\Users\ebubekir\.m2\repository\dom4j\dom4j\1.6.1\dom4j-1.6.1.jar;C:\Users\ebubekir\.m2\repository\org\hibernate\common\hibernate-commons-annotations\5.0.1.Final\hibernate-commons-annotations-5.0.1.Final.jar;C:\Users\ebubekir\.m2\repository\javax\transaction\javax.transaction-api\1.2\javax.transaction-api-1.2.jar;C:\Users\ebubekir\.m2\repository\org\springframework\data\spring-data-jpa\2.0.5.RELEASE\spring-data-jpa-2.0.5.RELEASE.jar;C:\Users\ebubekir\.m2\repository\org\springframework\data\spring-data-commons\2.0.5.RELEASE\spring-data-commons-2.0.5.RELEASE.jar;C:\Users\ebubekir\.m2\repository\org\springframework\spring-orm\5.0.4.RELEASE\spring-orm-5.0.4.RELEASE.jar;C:\Users\ebubekir\.m2\repository\org\springframework\spring-tx\5.0.4.RELEASE\spring-tx-5.0.4.RELEASE.jar;C:\Users\ebubekir\.m2\repository\org\springframework\spring-aspects\5.0.4.RELEASE\spring-aspects-5.0.4.RELEASE.jar;C:\Users\ebubekir\.m2\repository\com\h2database\h2\1.4.196\h2-1.4.196.jar;C:\Users\ebubekir\.m2\repository\org\springframework\boot\spring-boot-starter-jdbc\2.0.0.RELEASE\spring-boot-starter-jdbc-2.0.0.RELEASE.jar;C:\Users\ebubekir\.m2\repository\com\zaxxer\HikariCP\2.7.8\HikariCP-2.7.8.jar;C:\Users\ebubekir\.m2\repository\org\springframework\spring-jdbc\5.0.4.RELEASE\spring-jdbc-5.0.4.RELEASE.jar;C:\Users\ebubekir\.m2\repository\org\springframework\boot\spring-boot-starter-web\2.0.0.RELEASE\spring-boot-starter-web-2.0.0.RELEASE.jar;C:\Users\ebubekir\.m2\repository\org\springframework\boot\spring-boot-starter-json\2.0.0.RELEASE\spring-boot-starter-json-2.0.0.RELEASE.jar;C:\Users\ebubekir\.m2\repository\com\fasterxml\jackson\core\jackson-databind\2.9.4\jackson-databind-2.9.4.jar;C:\Users\ebubekir\.m2\repository\com\fasterxml\jackson\core\jackson-core\2.9.4\jackson-core-2.9.4.jar;C:\Users\ebubekir\.m2\repository\com\fasterxml\jackson\datatype\jackson-datatype-jdk8\2.9.4\jackson-datatype-jdk8-2.9.4.jar;C:\Users\ebubekir\.m2\repository\com\fasterxml\jackson\datatype\jackson-datatype-jsr310\2.9.4\jackson-datatype-jsr310-2.9.4.jar;C:\Users\ebubekir\.m2\repository\com\fasterxml\jackson\module\jackson-module-parameter-names\2.9.4\jackson-module-parameter-names-2.9.4.jar;C:\Users\ebubekir\.m2\repository\org\springframework\boot\spring-boot-starter-tomcat\2.0.0.RELEASE\spring-boot-starter-tomcat-2.0.0.RELEASE.jar;C:\Users\ebubekir\.m2\repository\org\apache\tomcat\embed\tomcat-embed-websocket\8.5.28\tomcat-embed-websocket-8.5.28.jar;C:\Users\ebubekir\.m2\repository\org\hibernate\validator\hibernate-validator\6.0.7.Final\hibernate-validator-6.0.7.Final.jar;C:\Users\ebubekir\.m2\repository\javax\validation\validation-api\2.0.1.Final\validation-api-2.0.1.Final.jar;C:\Users\ebubekir\.m2\repository\org\springframework\spring-web\5.0.4.RELEASE\spring-web-5.0.4.RELEASE.jar;C:\Users\ebubekir\.m2\repository\org\springframework\spring-webmvc\5.0.4.RELEASE\spring-webmvc-5.0.4.RELEASE.jar;C:\Users\ebubekir\.m2\repository\org\springframework\boot\spring-boot-starter-actuator\2.0.0.RELEASE\spring-boot-starter-actuator-2.0.0.RELEASE.jar;C:\Users\ebubekir\.m2\repository\org\springframework\boot\spring-boot-actuator-autoconfigure\2.0.0.RELEASE\spring-boot-actuator-autoconfigure-2.0.0.RELEASE.jar;C:\Users\ebubekir\.m2\repository\org\springframework\boot\spring-boot-actuator\2.0.0.RELEASE\spring-boot-actuator-2.0.0.RELEASE.jar;C:\Users\ebubekir\.m2\repository\io\micrometer\micrometer-core\1.0.1\micrometer-core-1.0.1.jar;C:\Users\ebubekir\.m2\repository\org\hdrhistogram\HdrHistogram\2.1.10\HdrHistogram-2.1.10.jar;C:\Users\ebubekir\.m2\repository\org\latencyutils\LatencyUtils\2.0.3\LatencyUtils-2.0.3.jar;C:\Users\ebubekir\.m2\repository\org\apache\tomcat\embed\tomcat-embed-jasper\8.5.28\tomcat-embed-jasper-8.5.28.jar;C:\Users\ebubekir\.m2\repository\org\apache\tomcat\embed\tomcat-embed-core\8.5.28\tomcat-embed-core-8.5.28.jar;C:\Users\ebubekir\.m2\repository\org\apache\tomcat\tomcat-annotations-api\8.5.28\tomcat-annotations-api-8.5.28.jar;C:\Users\ebubekir\.m2\repository\org\apache\tomcat\embed\tomcat-embed-el\8.5.28\tomcat-embed-el-8.5.28.jar;C:\Users\ebubekir\.m2\repository\org\eclipse\jdt\ecj\3.12.3\ecj-3.12.3.jar;C:\Users\ebubekir\.m2\repository\javax\servlet\jstl\1.2\jstl-1.2.jar;C:\Users\ebubekir\.m2\repository\org\springframework\boot\spring-boot-starter-thymeleaf\2.0.0.RELEASE\spring-boot-starter-thymeleaf-2.0.0.RELEASE.jar;C:\Users\ebubekir\.m2\repository\org\thymeleaf\thymeleaf-spring5\3.0.9.RELEASE\thymeleaf-spring5-3.0.9.RELEASE.jar;C:\Users\ebubekir\.m2\repository\org\thymeleaf\thymeleaf\3.0.9.RELEASE\thymeleaf-3.0.9.RELEASE.jar;C:\Users\ebubekir\.m2\repository\org\attoparser\attoparser\2.0.4.RELEASE\attoparser-2.0.4.RELEASE.jar;C:\Users\ebubekir\.m2\repository\org\unbescape\unbescape\1.1.5.RELEASE\unbescape-1.1.5.RELEASE.jar;C:\Users\ebubekir\.m2\repository\org\thymeleaf\extras\thymeleaf-extras-java8time\3.0.1.RELEASE\thymeleaf-extras-java8time-3.0.1.RELEASE.jar;C:\Users\ebubekir\.m2\repository\org\springframework\boot\spring-boot-starter-hateoas\2.0.0.RELEASE\spring-boot-starter-hateoas-2.0.0.RELEASE.jar;C:\Users\ebubekir\.m2\repository\org\springframework\hateoas\spring-hateoas\0.24.0.RELEASE\spring-hateoas-0.24.0.RELEASE.jar;C:\Users\ebubekir\.m2\repository\org\springframework\plugin\spring-plugin-core\1.2.0.RELEASE\spring-plugin-core-1.2.0.RELEASE.jar;C:\Users\ebubekir\.m2\repository\org\springframework\boot\spring-boot-starter-data-rest\2.0.0.RELEASE\spring-boot-starter-data-rest-2.0.0.RELEASE.jar;C:\Users\ebubekir\.m2\repository\org\springframework\data\spring-data-rest-webmvc\3.0.5.RELEASE\spring-data-rest-webmvc-3.0.5.RELEASE.jar;C:\Users\ebubekir\.m2\repository\org\springframework\data\spring-data-rest-core\3.0.5.RELEASE\spring-data-rest-core-3.0.5.RELEASE.jar;C:\Users\ebubekir\.m2\repository\org\atteo\evo-inflector\1.2.2\evo-inflector-1.2.2.jar;C:\Users\ebubekir\.m2\repository\com\fasterxml\jackson\core\jackson-annotations\2.9.0\jackson-annotations-2.9.0.jar;C:\Users\ebubekir\.m2\repository\org\springframework\data\spring-data-rest-hal-browser\3.0.5.RELEASE\spring-data-rest-hal-browser-3.0.5.RELEASE.jar;C:\Users\ebubekir\.m2\repository\org\slf4j\slf4j-api\1.7.25\slf4j-api-1.7.25.jar;C:\Users\ebubekir\.m2\repository\org\springframework\boot\spring-boot-starter-cache\2.0.0.RELEASE\spring-boot-starter-cache-2.0.0.RELEASE.jar;C:\Users\ebubekir\.m2\repository\javax\xml\bind\jaxb-api\2.3.1\jaxb-api-2.3.1.jar;C:\Users\ebubekir\.m2\repository\javax\activation\javax.activation-api\1.2.0\javax.activation-api-1.2.0.jar;, java.specification.name=Java Platform API Specification, java.class.version=52.0, sun.management.compiler=HotSpot 64-Bit Tiered Compilers, os.version=6.3, user.home=C:\Users\ebubekir, user.timezone=GMT+01:00, java.awt.printerjob=sun.awt.windows.WPrinterJob, file.encoding=Cp1254, java.specification.version=1.8, java.class.path=E:\work\petclinic\target\test-classes;E:\work\petclinic\target\classes;C:\Users\ebubekir\.m2\repository\org\springframework\boot\spring-boot-starter-mail\2.0.0.RELEASE\spring-boot-starter-mail-2.0.0.RELEASE.jar;C:\Users\ebubekir\.m2\repository\org\springframework\boot\spring-boot-starter\2.0.0.RELEASE\spring-boot-starter-2.0.0.RELEASE.jar;C:\Users\ebubekir\.m2\repository\org\springframework\boot\spring-boot\2.0.0.RELEASE\spring-boot-2.0.0.RELEASE.jar;C:\Users\ebubekir\.m2\repository\org\springframework\boot\spring-boot-autoconfigure\2.0.0.RELEASE\spring-boot-autoconfigure-2.0.0.RELEASE.jar;C:\Users\ebubekir\.m2\repository\org\springframework\boot\spring-boot-starter-logging\2.0.0.RELEASE\spring-boot-starter-logging-2.0.0.RELEASE.jar;C:\Users\ebubekir\.m2\repository\ch\qos\logback\logback-classic\1.2.3\logback-classic-1.2.3.jar;C:\Users\ebubekir\.m2\repository\ch\qos\logback\logback-core\1.2.3\logback-core-1.2.3.jar;C:\Users\ebubekir\.m2\repository\org\apache\logging\log4j\log4j-to-slf4j\2.10.0\log4j-to-slf4j-2.10.0.jar;C:\Users\ebubekir\.m2\repository\org\apache\logging\log4j\log4j-api\2.10.0\log4j-api-2.10.0.jar;C:\Users\ebubekir\.m2\repository\org\slf4j\jul-to-slf4j\1.7.25\jul-to-slf4j-1.7.25.jar;C:\Users\ebubekir\.m2\repository\javax\annotation\javax.annotation-api\1.3.2\javax.annotation-api-1.3.2.jar;C:\Users\ebubekir\.m2\repository\org\yaml\snakeyaml\1.19\snakeyaml-1.19.jar;C:\Users\ebubekir\.m2\repository\org\springframework\spring-context\5.0.4.RELEASE\spring-context-5.0.4.RELEASE.jar;C:\Users\ebubekir\.m2\repository\org\springframework\spring-beans\5.0.4.RELEASE\spring-beans-5.0.4.RELEASE.jar;C:\Users\ebubekir\.m2\repository\org\springframework\spring-expression\5.0.4.RELEASE\spring-expression-5.0.4.RELEASE.jar;C:\Users\ebubekir\.m2\repository\org\springframework\spring-context-support\5.0.4.RELEASE\spring-context-support-5.0.4.RELEASE.jar;C:\Users\ebubekir\.m2\repository\com\sun\mail\javax.mail\1.6.1\javax.mail-1.6.1.jar;C:\Users\ebubekir\.m2\repository\javax\activation\activation\1.1\activation-1.1.jar;C:\Users\ebubekir\.m2\repository\org\springframework\security\spring-security-test\5.0.3.RELEASE\spring-security-test-5.0.3.RELEASE.jar;C:\Users\ebubekir\.m2\repository\org\springframework\security\spring-security-core\5.0.3.RELEASE\spring-security-core-5.0.3.RELEASE.jar;C:\Users\ebubekir\.m2\repository\org\springframework\security\spring-security-web\5.0.3.RELEASE\spring-security-web-5.0.3.RELEASE.jar;C:\Users\ebubekir\.m2\repository\org\springframework\spring-core\5.0.4.RELEASE\spring-core-5.0.4.RELEASE.jar;C:\Users\ebubekir\.m2\repository\org\springframework\spring-jcl\5.0.4.RELEASE\spring-jcl-5.0.4.RELEASE.jar;C:\Users\ebubekir\.m2\repository\org\springframework\spring-test\5.0.4.RELEASE\spring-test-5.0.4.RELEASE.jar;C:\Users\ebubekir\.m2\repository\org\springframework\boot\spring-boot-starter-test\2.0.0.RELEASE\spring-boot-starter-test-2.0.0.RELEASE.jar;C:\Users\ebubekir\.m2\repository\org\springframework\boot\spring-boot-test\2.0.0.RELEASE\spring-boot-test-2.0.0.RELEASE.jar;C:\Users\ebubekir\.m2\repository\org\springframework\boot\spring-boot-test-autoconfigure\2.0.0.RELEASE\spring-boot-test-autoconfigure-2.0.0.RELEASE.jar;C:\Users\ebubekir\.m2\repository\com\jayway\jsonpath\json-path\2.4.0\json-path-2.4.0.jar;C:\Users\ebubekir\.m2\repository\net\minidev\json-smart\2.3\json-smart-2.3.jar;C:\Users\ebubekir\.m2\repository\net\minidev\accessors-smart\1.2\accessors-smart-1.2.jar;C:\Users\ebubekir\.m2\repository\org\ow2\asm\asm\5.0.4\asm-5.0.4.jar;C:\Users\ebubekir\.m2\repository\junit\junit\4.12\junit-4.12.jar;C:\Users\ebubekir\.m2\repository\org\assertj\assertj-core\3.9.1\assertj-core-3.9.1.jar;C:\Users\ebubekir\.m2\repository\org\mockito\mockito-core\2.15.0\mockito-core-2.15.0.jar;C:\Users\ebubekir\.m2\repository\net\bytebuddy\byte-buddy\1.7.10\byte-buddy-1.7.10.jar;C:\Users\ebubekir\.m2\repository\net\bytebuddy\byte-buddy-agent\1.7.10\byte-buddy-agent-1.7.10.jar;C:\Users\ebubekir\.m2\repository\org\objenesis\objenesis\2.6\objenesis-2.6.jar;C:\Users\ebubekir\.m2\repository\org\hamcrest\hamcrest-core\1.3\hamcrest-core-1.3.jar;C:\Users\ebubekir\.m2\repository\org\hamcrest\hamcrest-library\1.3\hamcrest-library-1.3.jar;C:\Users\ebubekir\.m2\repository\org\skyscreamer\jsonassert\1.5.0\jsonassert-1.5.0.jar;C:\Users\ebubekir\.m2\repository\com\vaadin\external\google\android-json\0.0.20131108.vaadin1\android-json-0.0.20131108.vaadin1.jar;C:\Users\ebubekir\.m2\repository\org\xmlunit\xmlunit-core\2.5.1\xmlunit-core-2.5.1.jar;C:\Users\ebubekir\.m2\repository\org\springframework\boot\spring-boot-starter-security\2.0.0.RELEASE\spring-boot-starter-security-2.0.0.RELEASE.jar;C:\Users\ebubekir\.m2\repository\org\springframework\spring-aop\5.0.4.RELEASE\spring-aop-5.0.4.RELEASE.jar;C:\Users\ebubekir\.m2\repository\org\springframework\security\spring-security-config\5.0.3.RELEASE\spring-security-config-5.0.3.RELEASE.jar;C:\Users\ebubekir\.m2\repository\org\springframework\boot\spring-boot-starter-data-jpa\2.0.0.RELEASE\spring-boot-starter-data-jpa-2.0.0.RELEASE.jar;C:\Users\ebubekir\.m2\repository\org\springframework\boot\spring-boot-starter-aop\2.0.0.RELEASE\spring-boot-starter-aop-2.0.0.RELEASE.jar;C:\Users\ebubekir\.m2\repository\org\aspectj\aspectjweaver\1.8.13\aspectjweaver-1.8.13.jar;C:\Users\ebubekir\.m2\repository\org\hibernate\hibernate-core\5.2.14.Final\hibernate-core-5.2.14.Final.jar;C:\Users\ebubekir\.m2\repository\org\jboss\logging\jboss-logging\3.3.2.Final\jboss-logging-3.3.2.Final.jar;C:\Users\ebubekir\.m2\repository\org\hibernate\javax\persistence\hibernate-jpa-2.1-api\1.0.0.Final\hibernate-jpa-2.1-api-1.0.0.Final.jar;C:\Users\ebubekir\.m2\repository\org\javassist\javassist\3.22.0-GA\javassist-3.22.0-GA.jar;C:\Users\ebubekir\.m2\repository\antlr\antlr\2.7.7\antlr-2.7.7.jar;C:\Users\ebubekir\.m2\repository\org\jboss\jandex\2.0.3.Final\jandex-2.0.3.Final.jar;C:\Users\ebubekir\.m2\repository\com\fasterxml\classmate\1.3.4\classmate-1.3.4.jar;C:\Users\ebubekir\.m2\repository\dom4j\dom4j\1.6.1\dom4j-1.6.1.jar;C:\Users\ebubekir\.m2\repository\org\hibernate\common\hibernate-commons-annotations\5.0.1.Final\hibernate-commons-annotations-5.0.1.Final.jar;C:\Users\ebubekir\.m2\repository\javax\transaction\javax.transaction-api\1.2\javax.transaction-api-1.2.jar;C:\Users\ebubekir\.m2\repository\org\springframework\data\spring-data-jpa\2.0.5.RELEASE\spring-data-jpa-2.0.5.RELEASE.jar;C:\Users\ebubekir\.m2\repository\org\springframework\data\spring-data-commons\2.0.5.RELEASE\spring-data-commons-2.0.5.RELEASE.jar;C:\Users\ebubekir\.m2\repository\org\springframework\spring-orm\5.0.4.RELEASE\spring-orm-5.0.4.RELEASE.jar;C:\Users\ebubekir\.m2\repository\org\springframework\spring-tx\5.0.4.RELEASE\spring-tx-5.0.4.RELEASE.jar;C:\Users\ebubekir\.m2\repository\org\springframework\spring-aspects\5.0.4.RELEASE\spring-aspects-5.0.4.RELEASE.jar;C:\Users\ebubekir\.m2\repository\com\h2database\h2\1.4.196\h2-1.4.196.jar;C:\Users\ebubekir\.m2\repository\org\springframework\boot\spring-boot-starter-jdbc\2.0.0.RELEASE\spring-boot-starter-jdbc-2.0.0.RELEASE.jar;C:\Users\ebubekir\.m2\repository\com\zaxxer\HikariCP\2.7.8\HikariCP-2.7.8.jar;C:\Users\ebubekir\.m2\repository\org\springframework\spring-jdbc\5.0.4.RELEASE\spring-jdbc-5.0.4.RELEASE.jar;C:\Users\ebubekir\.m2\repository\org\springframework\boot\spring-boot-starter-web\2.0.0.RELEASE\spring-boot-starter-web-2.0.0.RELEASE.jar;C:\Users\ebubekir\.m2\repository\org\springframework\boot\spring-boot-starter-json\2.0.0.RELEASE\spring-boot-starter-json-2.0.0.RELEASE.jar;C:\Users\ebubekir\.m2\repository\com\fasterxml\jackson\core\jackson-databind\2.9.4\jackson-databind-2.9.4.jar;C:\Users\ebubekir\.m2\repository\com\fasterxml\jackson\core\jackson-core\2.9.4\jackson-core-2.9.4.jar;C:\Users\ebubekir\.m2\repository\com\fasterxml\jackson\datatype\jackson-datatype-jdk8\2.9.4\jackson-datatype-jdk8-2.9.4.jar;C:\Users\ebubekir\.m2\repository\com\fasterxml\jackson\datatype\jackson-datatype-jsr310\2.9.4\jackson-datatype-jsr310-2.9.4.jar;C:\Users\ebubekir\.m2\repository\com\fasterxml\jackson\module\jackson-module-parameter-names\2.9.4\jackson-module-parameter-names-2.9.4.jar;C:\Users\ebubekir\.m2\repository\org\springframework\boot\spring-boot-starter-tomcat\2.0.0.RELEASE\spring-boot-starter-tomcat-2.0.0.RELEASE.jar;C:\Users\ebubekir\.m2\repository\org\apache\tomcat\embed\tomcat-embed-websocket\8.5.28\tomcat-embed-websocket-8.5.28.jar;C:\Users\ebubekir\.m2\repository\org\hibernate\validator\hibernate-validator\6.0.7.Final\hibernate-validator-6.0.7.Final.jar;C:\Users\ebubekir\.m2\repository\javax\validation\validation-api\2.0.1.Final\validation-api-2.0.1.Final.jar;C:\Users\ebubekir\.m2\repository\org\springframework\spring-web\5.0.4.RELEASE\spring-web-5.0.4.RELEASE.jar;C:\Users\ebubekir\.m2\repository\org\springframework\spring-webmvc\5.0.4.RELEASE\spring-webmvc-5.0.4.RELEASE.jar;C:\Users\ebubekir\.m2\repository\org\springframework\boot\spring-boot-starter-actuator\2.0.0.RELEASE\spring-boot-starter-actuator-2.0.0.RELEASE.jar;C:\Users\ebubekir\.m2\repository\org\springframework\boot\spring-boot-actuator-autoconfigure\2.0.0.RELEASE\spring-boot-actuator-autoconfigure-2.0.0.RELEASE.jar;C:\Users\ebubekir\.m2\repository\org\springframework\boot\spring-boot-actuator\2.0.0.RELEASE\spring-boot-actuator-2.0.0.RELEASE.jar;C:\Users\ebubekir\.m2\repository\io\micrometer\micrometer-core\1.0.1\micrometer-core-1.0.1.jar;C:\Users\ebubekir\.m2\repository\org\hdrhistogram\HdrHistogram\2.1.10\HdrHistogram-2.1.10.jar;C:\Users\ebubekir\.m2\repository\org\latencyutils\LatencyUtils\2.0.3\LatencyUtils-2.0.3.jar;C:\Users\ebubekir\.m2\repository\org\apache\tomcat\embed\tomcat-embed-jasper\8.5.28\tomcat-embed-jasper-8.5.28.jar;C:\Users\ebubekir\.m2\repository\org\apache\tomcat\embed\tomcat-embed-core\8.5.28\tomcat-embed-core-8.5.28.jar;C:\Users\ebubekir\.m2\repository\org\apache\tomcat\tomcat-annotations-api\8.5.28\tomcat-annotations-api-8.5.28.jar;C:\Users\ebubekir\.m2\repository\org\apache\tomcat\embed\tomcat-embed-el\8.5.28\tomcat-embed-el-8.5.28.jar;C:\Users\ebubekir\.m2\repository\org\eclipse\jdt\ecj\3.12.3\ecj-3.12.3.jar;C:\Users\ebubekir\.m2\repository\javax\servlet\jstl\1.2\jstl-1.2.jar;C:\Users\ebubekir\.m2\repository\org\springframework\boot\spring-boot-starter-thymeleaf\2.0.0.RELEASE\spring-boot-starter-thymeleaf-2.0.0.RELEASE.jar;C:\Users\ebubekir\.m2\repository\org\thymeleaf\thymeleaf-spring5\3.0.9.RELEASE\thymeleaf-spring5-3.0.9.RELEASE.jar;C:\Users\ebubekir\.m2\repository\org\thymeleaf\thymeleaf\3.0.9.RELEASE\thymeleaf-3.0.9.RELEASE.jar;C:\Users\ebubekir\.m2\repository\org\attoparser\attoparser\2.0.4.RELEASE\attoparser-2.0.4.RELEASE.jar;C:\Users\ebubekir\.m2\repository\org\unbescape\unbescape\1.1.5.RELEASE\unbescape-1.1.5.RELEASE.jar;C:\Users\ebubekir\.m2\repository\org\thymeleaf\extras\thymeleaf-extras-java8time\3.0.1.RELEASE\thymeleaf-extras-java8time-3.0.1.RELEASE.jar;C:\Users\ebubekir\.m2\repository\org\springframework\boot\spring-boot-starter-hateoas\2.0.0.RELEASE\spring-boot-starter-hateoas-2.0.0.RELEASE.jar;C:\Users\ebubekir\.m2\repository\org\springframework\hateoas\spring-hateoas\0.24.0.RELEASE\spring-hateoas-0.24.0.RELEASE.jar;C:\Users\ebubekir\.m2\repository\org\springframework\plugin\spring-plugin-core\1.2.0.RELEASE\spring-plugin-core-1.2.0.RELEASE.jar;C:\Users\ebubekir\.m2\repository\org\springframework\boot\spring-boot-starter-data-rest\2.0.0.RELEASE\spring-boot-starter-data-rest-2.0.0.RELEASE.jar;C:\Users\ebubekir\.m2\repository\org\springframework\data\spring-data-rest-webmvc\3.0.5.RELEASE\spring-data-rest-webmvc-3.0.5.RELEASE.jar;C:\Users\ebubekir\.m2\repository\org\springframework\data\spring-data-rest-core\3.0.5.RELEASE\spring-data-rest-core-3.0.5.RELEASE.jar;C:\Users\ebubekir\.m2\repository\org\atteo\evo-inflector\1.2.2\evo-inflector-1.2.2.jar;C:\Users\ebubekir\.m2\repository\com\fasterxml\jackson\core\jackson-annotations\2.9.0\jackson-annotations-2.9.0.jar;C:\Users\ebubekir\.m2\repository\org\springframework\data\spring-data-rest-hal-browser\3.0.5.RELEASE\spring-data-rest-hal-browser-3.0.5.RELEASE.jar;C:\Users\ebubekir\.m2\repository\org\slf4j\slf4j-api\1.7.25\slf4j-api-1.7.25.jar;C:\Users\ebubekir\.m2\repository\org\springframework\boot\spring-boot-starter-cache\2.0.0.RELEASE\spring-boot-starter-cache-2.0.0.RELEASE.jar;C:\Users\ebubekir\.m2\repository\javax\xml\bind\jaxb-api\2.3.1\jaxb-api-2.3.1.jar;C:\Users\ebubekir\.m2\repository\javax\activation\javax.activation-api\1.2.0\javax.activation-api-1.2.0.jar;, user.name=ebubekir, java.vm.specification.version=1.8, sun.java.command=C:\Users\ebubekir\AppData\Local\Temp\surefire9192908570003735553\surefirebooter1634350612617553846.jar C:\Users\ebubekir\AppData\Local\Temp\surefire9192908570003735553 2021-02-10T10-53-58_946-jvmRun1 surefire7088374621922605988tmp surefire_0361502839036644265tmp, java.home=C:\Program Files\Java\jdk1.8.0_45\jre, sun.arch.data.model=64, user.language=en, java.specification.vendor=Oracle Corporation, user.language.format=tr, awt.toolkit=sun.awt.windows.WToolkit, java.vm.info=mixed mode, java.version=1.8.0_45, java.ext.dirs=C:\Program Files\Java\jdk1.8.0_45\jre\lib\ext;C:\Windows\Sun\Java\lib\ext, sun.boot.class.path=C:\Program Files\Java\jdk1.8.0_45\jre\lib\resources.jar;C:\Program Files\Java\jdk1.8.0_45\jre\lib\rt.jar;C:\Program Files\Java\jdk1.8.0_45\jre\lib\sunrsasign.jar;C:\Program Files\Java\jdk1.8.0_45\jre\lib\jsse.jar;C:\Program Files\Java\jdk1.8.0_45\jre\lib\jce.jar;C:\Program Files\Java\jdk1.8.0_45\jre\lib\charsets.jar;C:\Program Files\Java\jdk1.8.0_45\jre\lib\jfr.jar;C:\Program Files\Java\jdk1.8.0_45\jre\classes, java.vendor=Oracle Corporation, localRepository=C:\Users\ebubekir\.m2\repository, file.separator=\, java.vendor.url.bug=http://bugreport.sun.com/bugreport/, sun.io.unicode.encoding=UnicodeLittle, sun.cpu.endian=little, sun.desktop=windows, sun.cpu.isalist=amd64}}, SystemEnvironmentPropertySource@1107217291 {name='systemEnvironment', properties={PATH=C:\ProgramData\Oracle\Java\javapath;C:\oraclexe\app\oracle\product\11.2.0\server\bin;C:\Windows\system32;C:\Windows;C:\Windows\System32\Wbem;C:\Windows\System32\WindowsPowerShell\v1.0\;C:\Program Files\Java\jdk-11.0.9\bin;C:\Program Files\nodejs\;C:\Program Files\Git\cmd;C:\Program Files\apache-maven-3.6.3\bin;C:\Program Files\MySQL\MySQL Shell 8.0\bin\;C:\Users\ebubekir\AppData\Roaming\npm;C:\Users\ebubekir\AppData\Local\Programs\Microsoft VS Code\bin;C:\Program Files\Docker Toolbox;C:\Program Files\heroku\bin, USERDOMAIN_ROAMINGPROFILE=DESKTOP-DL2IOOE, NO_PROXY=192.168.99.100, PROCESSOR_LEVEL=6, SYSTEMDRIVE=C:, SESSIONNAME=Console, ALLUSERSPROFILE=C:\ProgramData, PROCESSOR_ARCHITECTURE=AMD64, =E:=E:\work\petclinic, PROGRAMFILES=C:\Program Files, PSMODULEPATH=C:\Windows\system32\WindowsPowerShell\v1.0\Modules\, PROGRAMDATA=C:\ProgramData, USERNAME=ebubekir, FPS_BROWSER_USER_PROFILE_STRING=Default, ONEDRIVE=C:\Users\ebubekir\OneDrive, PATHEXT=.COM;.EXE;.BAT;.CMD;.VBS;.VBE;.JS;.JSE;.WSF;.WSH;.MSC, COMPOSE_CONVERT_WINDOWS_PATHS=true, WINDIR=C:\Windows, HOMEPATH=\Users\ebubekir, PROCESSOR_IDENTIFIER=Intel64 Family 6 Model 58 Stepping 9, GenuineIntel, JAVA_OPTIONS=-Dfile.encoding=UTF-8 -Duser.language=en, PUBLIC=C:\Users\Public, =::=::\, LOCALAPPDATA=C:\Users\ebubekir\AppData\Local, COMMONPROGRAMFILES(X86)=C:\Program Files (x86)\Common Files, DOCKER_HOST=tcp://192.168.99.100:2376, USERDOMAIN=DESKTOP-DL2IOOE, FPS_BROWSER_APP_PROFILE_STRING=Internet Explorer, LOGONSERVER=\\DESKTOP-DL2IOOE, JAVA_HOME=C:\Program Files\Java\jdk-11.0.9, PROMPT=$P$G, PROGRAMFILES(X86)=C:\Program Files (x86), APPDATA=C:\Users\ebubekir\AppData\Roaming, DOCKER_MACHINE_NAME=default, DOCKER_CERT_PATH=C:\Users\ebubekir\.docker\machine\machines\default, PROGRAMW6432=C:\Program Files, SYSTEMROOT=C:\Windows, VBOX_MSI_INSTALL_PATH=C:\Program Files\Oracle\VirtualBox\, OS=Windows_NT, COMMONPROGRAMW6432=C:\Program Files\Common Files, COMPUTERNAME=DESKTOP-DL2IOOE, COMMONPROGRAMFILES=C:\Program Files\Common Files, COMSPEC=C:\Windows\system32\cmd.exe, PROCESSOR_REVISION=3a09, DOCKER_TLS_VERIFY=1, TEMP=C:\Users\ebubekir\AppData\Local\Temp, HOMEDRIVE=C:, USERPROFILE=C:\Users\ebubekir, TMP=C:\Users\ebubekir\AppData\Local\Temp, NUMBER_OF_PROCESSORS=4, DOCKER_TOOLBOX_INSTALL_PATH=C:\Program Files\Docker Toolbox, IDEA_INITIAL_DIRECTORY=C:\Program Files\JetBrains\IntelliJ IDEA Community Edition 2020.3.1\bin}}]
10:54:03.845 [main] DEBUG org.springframework.core.env.StandardEnvironment - Adding PropertySource 'test' with highest search precedence
10:54:03.845 [main] DEBUG org.springframework.core.env.StandardEnvironment - Adding PropertySource 'configurationProperties' with highest search precedence
10:54:03.860 [main] DEBUG org.springframework.test.context.support.TestPropertySourceUtils - Adding inlined properties to environment: {spring.jmx.enabled=false, org.springframework.boot.test.context.SpringBootTestContextBootstrapper=true, server.port=-1}
10:54:03.860 [main] DEBUG org.springframework.core.env.StandardEnvironment - Adding PropertySource 'Inlined Test Properties' with highest search precedence

  .   ____          _            __ _ _
 /\\ / ___'_ __ _ _(_)_ __  __ _ \ \ \ \
( ( )\___ | '_ | '_| | '_ \/ _` | \ \ \ \
 \\/  ___)| |_)| | | | | || (_| |  ) ) ) )
  '  |____| .__|_| |_|_| |_\__, | / / / /
 =========|_|==============|___/=/_/_/_/
 :: Spring Boot ::        (v2.0.0.RELEASE)

2021-02-10 10:54:05.374 DEBUG 6596 --- [           main] o.s.w.c.s.StandardServletEnvironment     : Adding PropertySource 'servletConfigInitParams' with lowest search precedence
2021-02-10 10:54:05.382 DEBUG 6596 --- [           main] o.s.w.c.s.StandardServletEnvironment     : Adding PropertySource 'servletContextInitParams' with lowest search precedence
2021-02-10 10:54:05.392 DEBUG 6596 --- [           main] o.s.w.c.s.StandardServletEnvironment     : Adding PropertySource 'systemProperties' with lowest search precedence
2021-02-10 10:54:05.392 DEBUG 6596 --- [           main] o.s.w.c.s.StandardServletEnvironment     : Adding PropertySource 'systemEnvironment' with lowest search precedence
2021-02-10 10:54:05.393 DEBUG 6596 --- [           main] o.s.w.c.s.StandardServletEnvironment     : Initialized StandardServletEnvironment with PropertySources [StubPropertySource {name='servletConfigInitParams'}, StubPropertySource {name='servletContextInitParams'}, MapPropertySource {name='systemProperties'}, SystemEnvironmentPropertySource {name='systemEnvironment'}]
2021-02-10 10:54:05.433  INFO 6596 --- [           main] c.j.petclinic.dao.OwnerRepositoryTests   : Starting OwnerRepositoryTests on DESKTOP-DL2IOOE with PID 6596 (started by ebubekir in E:\work\petclinic)
2021-02-10 10:54:05.433  INFO 6596 --- [           main] c.j.petclinic.dao.OwnerRepositoryTests   : The following profiles are active: dev
[...]
2021-02-10 10:54:27.485  INFO 6596 --- [           main] o.s.s.web.DefaultSecurityFilterChain     : Creating filter chain: Ant [pattern='/rest/**'], [org.springframework.security.web.context.request.async.WebAsyncManagerIntegrationFilter@73d8c8d7, org.springframework.security.web.context.SecurityContextPersistenceFilter@f9de1fd, org.springframework.security.web.header.HeaderWriterFilter@8d7718e, org.springframework.security.web.authentication.logout.LogoutFilter@686fb58a, org.springframework.security.web.authentication.www.BasicAuthenticationFilter@4be1dce6, org.springframework.security.web.savedrequest.RequestCacheAwareFilter@4fef4f96, org.springframework.security.web.servletapi.SecurityContextHolderAwareRequestFilter@7c871ce4, org.springframework.security.web.authentication.AnonymousAuthenticationFilter@361b3ca6, org.springframework.security.web.session.SessionManagementFilter@1bbb48dd, org.springframework.security.web.access.ExceptionTranslationFilter@359ea595, org.springframework.security.web.access.intercept.FilterSecurityInterceptor@1669f4e5]
2021-02-10 10:54:27.531 DEBUG 6596 --- [           main] edFilterInvocationSecurityMetadataSource : Adding web access control expression 'permitAll', for Ant [pattern='/**/favicon.ico']
2021-02-10 10:54:27.536 DEBUG 6596 --- [           main] edFilterInvocationSecurityMetadataSource : Adding web access control expression 'permitAll', for Ant [pattern='/css/**']
2021-02-10 10:54:27.536 DEBUG 6596 --- [           main] edFilterInvocationSecurityMetadataSource : Adding web access control expression 'permitAll', for Ant [pattern='/js/**']
2021-02-10 10:54:27.538 DEBUG 6596 --- [           main] edFilterInvocationSecurityMetadataSource : Adding web access control expression 'permitAll', for Ant [pattern='images/**']
2021-02-10 10:54:27.538 DEBUG 6596 --- [           main] edFilterInvocationSecurityMetadataSource : Adding web access control expression 'permitAll', for Ant [pattern='/webjars/**']
2021-02-10 10:54:27.539 DEBUG 6596 --- [           main] edFilterInvocationSecurityMetadataSource : Adding web access control expression 'permitAll', for Ant [pattern='/login.html']
2021-02-10 10:54:27.540 DEBUG 6596 --- [           main] edFilterInvocationSecurityMetadataSource : Adding web access control expression 'hasRole('ADMIN')', for Ant [pattern='/actuator/**']
2021-02-10 10:54:27.540 DEBUG 6596 --- [           main] edFilterInvocationSecurityMetadataSource : Adding web access control expression 'authenticated', for org.springframework.security.web.util.matcher.AnyRequestMatcher@1
2021-02-10 10:54:27.541 DEBUG 6596 --- [           main] o.s.s.w.a.i.FilterSecurityInterceptor    : Validated configuration attributes
2021-02-10 10:54:27.542 DEBUG 6596 --- [           main] o.s.s.w.a.i.FilterSecurityInterceptor    : Validated configuration attributes
2021-02-10 10:54:27.594  INFO 6596 --- [           main] o.s.s.web.DefaultSecurityFilterChain     : Creating filter chain: org.springframework.security.web.util.matcher.AnyRequestMatcher@1, [org.springframework.security.web.context.request.async.WebAsyncManagerIntegrationFilter@ea84346, org.springframework.security.web.context.SecurityContextPersistenceFilter@52f7fa65, org.springframework.security.web.header.HeaderWriterFilter@7f8cd5fc, org.springframework.security.web.csrf.CsrfFilter@6ed7b9c5, org.springframework.security.web.authentication.logout.LogoutFilter@65b680b4, org.springframework.security.web.authentication.UsernamePasswordAuthenticationFilter@48aaaed9, org.springframework.security.web.savedrequest.RequestCacheAwareFilter@62c6db99, org.springframework.security.web.servletapi.SecurityContextHolderAwareRequestFilter@7bfcc108, org.springframework.security.web.authentication.rememberme.RememberMeAuthenticationFilter@2fcffc05, org.springframework.security.web.authentication.AnonymousAuthenticationFilter@4e614370, org.springframework.security.web.session.SessionManagementFilter@2c465259, org.springframework.security.web.access.ExceptionTranslationFilter@1b556a88, org.springframework.security.web.access.intercept.FilterSecurityInterceptor@4a3bf37c]
2021-02-10 10:54:28.026  INFO 6596 --- [           main] s.b.a.e.w.s.WebMvcEndpointHandlerMapping : Mapped "{[/actuator/auditevents],methods=[GET],produces=[application/vnd.spring-boot.actuator.v2+json || application/json]}" onto public java.lang.Object org.springframework.boot.actuate.endpoint.web.servlet.AbstractWebMvcEndpointHandlerMapping$OperationHandler.handle(javax.servlet.http.HttpServletRequest,java.util.Map<java.lang.String, java.lang.String>)
2021-02-10 10:54:28.027  INFO 6596 --- [           main] s.b.a.e.w.s.WebMvcEndpointHandlerMapping : Mapped "{[/actuator/beans],methods=[GET],produces=[application/vnd.spring-boot.actuator.v2+json || application/json]}" onto public java.lang.Object org.springframework.boot.actuate.endpoint.web.servlet.AbstractWebMvcEndpointHandlerMapping$OperationHandler.handle(javax.servlet.http.HttpServletRequest,java.util.Map<java.lang.String, java.lang.String>)
2021-02-10 10:54:28.028  INFO 6596 --- [           main] s.b.a.e.w.s.WebMvcEndpointHandlerMapping : Mapped "{[/actuator/health],methods=[GET],produces=[application/vnd.spring-boot.actuator.v2+json || application/json]}" onto public java.lang.Object org.springframework.boot.actuate.endpoint.web.servlet.AbstractWebMvcEndpointHandlerMapping$OperationHandler.handle(javax.servlet.http.HttpServletRequest,java.util.Map<java.lang.String, java.lang.String>)
2021-02-10 10:54:28.028  INFO 6596 --- [           main] s.b.a.e.w.s.WebMvcEndpointHandlerMapping : Mapped "{[/actuator/conditions],methods=[GET],produces=[application/vnd.spring-boot.actuator.v2+json || application/json]}" onto public java.lang.Object org.springframework.boot.actuate.endpoint.web.servlet.AbstractWebMvcEndpointHandlerMapping$OperationHandler.handle(javax.servlet.http.HttpServletRequest,java.util.Map<java.lang.String, java.lang.String>)
2021-02-10 10:54:28.029  INFO 6596 --- [           main] s.b.a.e.w.s.WebMvcEndpointHandlerMapping : Mapped "{[/actuator/shutdown],methods=[POST],produces=[application/vnd.spring-boot.actuator.v2+json || application/json]}" onto public java.lang.Object org.springframework.boot.actuate.endpoint.web.servlet.AbstractWebMvcEndpointHandlerMapping$OperationHandler.handle(javax.servlet.http.HttpServletRequest,java.util.Map<java.lang.String, java.lang.String>)
2021-02-10 10:54:28.029  INFO 6596 --- [           main] s.b.a.e.w.s.WebMvcEndpointHandlerMapping : Mapped "{[/actuator/configprops],methods=[GET],produces=[application/vnd.spring-boot.actuator.v2+json || application/json]}" onto public java.lang.Object org.springframework.boot.actuate.endpoint.web.servlet.AbstractWebMvcEndpointHandlerMapping$OperationHandler.handle(javax.servlet.http.HttpServletRequest,java.util.Map<java.lang.String, java.lang.String>)
2021-02-10 10:54:28.030  INFO 6596 --- [           main] s.b.a.e.w.s.WebMvcEndpointHandlerMapping : Mapped "{[/actuator/env],methods=[GET],produces=[application/vnd.spring-boot.actuator.v2+json || application/json]}" onto public java.lang.Object org.springframework.boot.actuate.endpoint.web.servlet.AbstractWebMvcEndpointHandlerMapping$OperationHandler.handle(javax.servlet.http.HttpServletRequest,java.util.Map<java.lang.String, java.lang.String>)
2021-02-10 10:54:28.030  INFO 6596 --- [           main] s.b.a.e.w.s.WebMvcEndpointHandlerMapping : Mapped "{[/actuator/env/{toMatch}],methods=[GET],produces=[application/vnd.spring-boot.actuator.v2+json || application/json]}" onto public java.lang.Object org.springframework.boot.actuate.endpoint.web.servlet.AbstractWebMvcEndpointHandlerMapping$OperationHandler.handle(javax.servlet.http.HttpServletRequest,java.util.Map<java.lang.String, java.lang.String>)
2021-02-10 10:54:28.031  INFO 6596 --- [           main] s.b.a.e.w.s.WebMvcEndpointHandlerMapping : Mapped "{[/actuator/info],methods=[GET],produces=[application/vnd.spring-boot.actuator.v2+json || application/json]}" onto public java.lang.Object org.springframework.boot.actuate.endpoint.web.servlet.AbstractWebMvcEndpointHandlerMapping$OperationHandler.handle(javax.servlet.http.HttpServletRequest,java.util.Map<java.lang.String, java.lang.String>)
2021-02-10 10:54:28.031  INFO 6596 --- [           main] s.b.a.e.w.s.WebMvcEndpointHandlerMapping : Mapped "{[/actuator/logfile],methods=[GET],produces=[application/octet-stream]}" onto public java.lang.Object org.springframework.boot.actuate.endpoint.web.servlet.AbstractWebMvcEndpointHandlerMapping$OperationHandler.handle(javax.servlet.http.HttpServletRequest,java.util.Map<java.lang.String, java.lang.String>)
2021-02-10 10:54:28.032  INFO 6596 --- [           main] s.b.a.e.w.s.WebMvcEndpointHandlerMapping : Mapped "{[/actuator/loggers],methods=[GET],produces=[application/vnd.spring-boot.actuator.v2+json || application/json]}" onto public java.lang.Object org.springframework.boot.actuate.endpoint.web.servlet.AbstractWebMvcEndpointHandlerMapping$OperationHandler.handle(javax.servlet.http.HttpServletRequest,java.util.Map<java.lang.String, java.lang.String>)
2021-02-10 10:54:28.032  INFO 6596 --- [           main] s.b.a.e.w.s.WebMvcEndpointHandlerMapping : Mapped "{[/actuator/loggers/{name}],methods=[GET],produces=[application/vnd.spring-boot.actuator.v2+json || application/json]}" onto public java.lang.Object org.springframework.boot.actuate.endpoint.web.servlet.AbstractWebMvcEndpointHandlerMapping$OperationHandler.handle(javax.servlet.http.HttpServletRequest,java.util.Map<java.lang.String, java.lang.String>)
2021-02-10 10:54:28.033  INFO 6596 --- [           main] s.b.a.e.w.s.WebMvcEndpointHandlerMapping : Mapped "{[/actuator/loggers/{name}],methods=[POST],consumes=[application/vnd.spring-boot.actuator.v2+json || application/json]}" onto public java.lang.Object org.springframework.boot.actuate.endpoint.web.servlet.AbstractWebMvcEndpointHandlerMapping$OperationHandler.handle(javax.servlet.http.HttpServletRequest,java.util.Map<java.lang.String, java.lang.String>)
2021-02-10 10:54:28.033  INFO 6596 --- [           main] s.b.a.e.w.s.WebMvcEndpointHandlerMapping : Mapped "{[/actuator/heapdump],methods=[GET],produces=[application/octet-stream]}" onto public java.lang.Object org.springframework.boot.actuate.endpoint.web.servlet.AbstractWebMvcEndpointHandlerMapping$OperationHandler.handle(javax.servlet.http.HttpServletRequest,java.util.Map<java.lang.String, java.lang.String>)
2021-02-10 10:54:28.034  INFO 6596 --- [           main] s.b.a.e.w.s.WebMvcEndpointHandlerMapping : Mapped "{[/actuator/threaddump],methods=[GET],produces=[application/vnd.spring-boot.actuator.v2+json || application/json]}" onto public java.lang.Object org.springframework.boot.actuate.endpoint.web.servlet.AbstractWebMvcEndpointHandlerMapping$OperationHandler.handle(javax.servlet.http.HttpServletRequest,java.util.Map<java.lang.String, java.lang.String>)
2021-02-10 10:54:28.034  INFO 6596 --- [           main] s.b.a.e.w.s.WebMvcEndpointHandlerMapping : Mapped "{[/actuator/metrics/{requiredMetricName}],methods=[GET],produces=[application/vnd.spring-boot.actuator.v2+json || application/json]}" onto public java.lang.Object org.springframework.boot.actuate.endpoint.web.servlet.AbstractWebMvcEndpointHandlerMapping$OperationHandler.handle(javax.servlet.http.HttpServletRequest,java.util.Map<java.lang.String, java.lang.String>)
2021-02-10 10:54:28.035  INFO 6596 --- [           main] s.b.a.e.w.s.WebMvcEndpointHandlerMapping : Mapped "{[/actuator/metrics],methods=[GET],produces=[application/vnd.spring-boot.actuator.v2+json || application/json]}" onto public java.lang.Object org.springframework.boot.actuate.endpoint.web.servlet.AbstractWebMvcEndpointHandlerMapping$OperationHandler.handle(javax.servlet.http.HttpServletRequest,java.util.Map<java.lang.String, java.lang.String>)
2021-02-10 10:54:28.036  INFO 6596 --- [           main] s.b.a.e.w.s.WebMvcEndpointHandlerMapping : Mapped "{[/actuator/scheduledtasks],methods=[GET],produces=[application/vnd.spring-boot.actuator.v2+json || application/json]}" onto public java.lang.Object org.springframework.boot.actuate.endpoint.web.servlet.AbstractWebMvcEndpointHandlerMapping$OperationHandler.handle(javax.servlet.http.HttpServletRequest,java.util.Map<java.lang.String, java.lang.String>)
2021-02-10 10:54:28.036  INFO 6596 --- [           main] s.b.a.e.w.s.WebMvcEndpointHandlerMapping : Mapped "{[/actuator/httptrace],methods=[GET],produces=[application/vnd.spring-boot.actuator.v2+json || application/json]}" onto public java.lang.Object org.springframework.boot.actuate.endpoint.web.servlet.AbstractWebMvcEndpointHandlerMapping$OperationHandler.handle(javax.servlet.http.HttpServletRequest,java.util.Map<java.lang.String, java.lang.String>)
2021-02-10 10:54:28.067  INFO 6596 --- [           main] s.b.a.e.w.s.WebMvcEndpointHandlerMapping : Mapped "{[/actuator/mappings],methods=[GET],produces=[application/vnd.spring-boot.actuator.v2+json || application/json]}" onto public java.lang.Object org.springframework.boot.actuate.endpoint.web.servlet.AbstractWebMvcEndpointHandlerMapping$OperationHandler.handle(javax.servlet.http.HttpServletRequest,java.util.Map<java.lang.String, java.lang.String>)
2021-02-10 10:54:28.069  INFO 6596 --- [           main] s.b.a.e.w.s.WebMvcEndpointHandlerMapping : Mapped "{[/actuator],methods=[GET],produces=[application/vnd.spring-boot.actuator.v2+json || application/json]}" onto protected java.util.Map<java.lang.String, java.util.Map<java.lang.String, org.springframework.boot.actuate.endpoint.web.Link>> org.springframework.boot.actuate.endpoint.web.servlet.WebMvcEndpointHandlerMapping.links(javax.servlet.http.HttpServletRequest,javax.servlet.http.HttpServletResponse)
2021-02-10 10:54:28.560 DEBUG 6596 --- [           main] o.s.w.c.s.GenericWebApplicationContext   : Unable to locate LifecycleProcessor with name 'lifecycleProcessor': using default [org.springframework.context.support.DefaultLifecycleProcessor@430212cb]
2021-02-10 10:54:28.587 DEBUG 6596 --- [           main] o.s.w.s.resource.ResourceUrlProvider     : Looking for resource handler mappings
2021-02-10 10:54:28.590 DEBUG 6596 --- [           main] o.s.w.s.resource.ResourceUrlProvider     : Found resource handler mapping: URL pattern="/**/favicon.ico", locations=[class path resource [META-INF/resources/], class path resource [resources/], class path resource [static/], class path resource [public/], ServletContext resource [/], class path resource []], resolvers=[org.springframework.web.servlet.resource.PathResourceResolver@20e48e63]
2021-02-10 10:54:28.590 DEBUG 6596 --- [           main] o.s.w.s.resource.ResourceUrlProvider     : Found resource handler mapping: URL pattern="/webjars/**", locations=[class path resource [META-INF/resources/webjars/]], resolvers=[org.springframework.web.servlet.resource.CachingResourceResolver@6d7677d8, org.springframework.web.servlet.resource.VersionResourceResolver@6705b763, org.springframework.web.servlet.resource.PathResourceResolver@e04b8a0]
2021-02-10 10:54:28.594 DEBUG 6596 --- [           main] o.s.w.s.resource.ResourceUrlProvider     : Found resource handler mapping: URL pattern="/**", locations=[class path resource [META-INF/resources/], class path resource [resources/], class path resource [static/], class path resource [public/], ServletContext resource [/]], resolvers=[org.springframework.web.servlet.resource.CachingResourceResolver@a97a895, org.springframework.web.servlet.resource.VersionResourceResolver@5401c6a8, org.springframework.web.servlet.resource.PathResourceResolver@1ef5cde4]
2021-02-10 10:54:28.597 DEBUG 6596 --- [           main] o.s.w.s.resource.ResourceUrlProvider     : Found resource handler mapping: URL pattern="/hal/browser/**", locations=[class path resource [META-INF/spring-data-rest/hal-browser/]], resolvers=[org.springframework.web.servlet.resource.PathResourceResolver@359fa722]
2021-02-10 10:54:28.607  INFO 6596 --- [           main] c.j.petclinic.dao.OwnerRepositoryTests   : Started OwnerRepositoryTests in 24.729 seconds (JVM running for 27.875)
2021-02-10 10:54:28.671  INFO 6596 --- [           main] o.s.t.c.transaction.TransactionContext   : Began transaction (1) for test context [DefaultTestContext@4a668b6e testClass = OwnerRepositoryTests, testInstance = com.javaegitimleri.petclinic.dao.OwnerRepositoryTests@4c8a9266, testMethod = testCreateOwner@OwnerRepositoryTests, testException = [null], mergedContextConfiguration = [WebMergedContextConfiguration@5f683daf testClass = OwnerRepositoryTests, locations = '{}', classes = '{class com.javaegitimleri.petclinic.PetClinicApplication}', contextInitializerClasses = '[]', activeProfiles = '{dev}', propertySourceLocations = '{}', propertySourceProperties = '{org.springframework.boot.test.context.SpringBootTestContextBootstrapper=true}', contextCustomizers = set[org.springframework.boot.test.context.filter.ExcludeFilterContextCustomizer@4148db48, org.springframework.boot.test.json.DuplicateJsonObjectContextCustomizerFactory$DuplicateJsonObjectContextCustomizer@71a794e5, org.springframework.boot.test.mock.mockito.MockitoContextCustomizer@0, org.springframework.boot.test.web.client.TestRestTemplateContextCustomizer@49e202ad, org.springframework.boot.test.autoconfigure.properties.PropertyMappingContextCustomizer@0, org.springframework.boot.test.autoconfigure.web.servlet.WebDriverContextCustomizerFactory$Customizer@551bdc27], resourceBasePath = 'src/main/webapp', contextLoader = 'org.springframework.boot.test.context.SpringBootContextLoader', parent = [null]], attributes = map['org.springframework.test.context.web.ServletTestExecutionListener.activateListener' -> true, 'org.springframework.test.context.web.ServletTestExecutionListener.populatedRequestContextHolder' -> true, 'org.springframework.test.context.web.ServletTestExecutionListener.resetRequestContextHolder' -> true]]; transaction manager [org.springframework.orm.jpa.JpaTransactionManager@3835b281]; rollback [true]
Hibernate: 
    call next value for petclinic_sequence
2021-02-10 10:54:29.158  INFO 6596 --- [           main] o.s.t.c.transaction.TransactionContext   : Rolled back transaction for test context [DefaultTestContext@4a668b6e testClass = OwnerRepositoryTests, testInstance = com.javaegitimleri.petclinic.dao.OwnerRepositoryTests@4c8a9266, testMethod = testCreateOwner@OwnerRepositoryTests, testException = java.lang.Exception: Unexpected exception, expected<javax.persistence.PersistenceException> but was<javax.validation.ConstraintViolationException>, mergedContextConfiguration = [WebMergedContextConfiguration@5f683daf testClass = OwnerRepositoryTests, locations = '{}', classes = '{class com.javaegitimleri.petclinic.PetClinicApplication}', contextInitializerClasses = '[]', activeProfiles = '{dev}', propertySourceLocations = '{}', propertySourceProperties = '{org.springframework.boot.test.context.SpringBootTestContextBootstrapper=true}', contextCustomizers = set[org.springframework.boot.test.context.filter.ExcludeFilterContextCustomizer@4148db48, org.springframework.boot.test.json.DuplicateJsonObjectContextCustomizerFactory$DuplicateJsonObjectContextCustomizer@71a794e5, org.springframework.boot.test.mock.mockito.MockitoContextCustomizer@0, org.springframework.boot.test.web.client.TestRestTemplateContextCustomizer@49e202ad, org.springframework.boot.test.autoconfigure.properties.PropertyMappingContextCustomizer@0, org.springframework.boot.test.autoconfigure.web.servlet.WebDriverContextCustomizerFactory$Customizer@551bdc27], resourceBasePath = 'src/main/webapp', contextLoader = 'org.springframework.boot.test.context.SpringBootContextLoader', parent = [null]], attributes = map['org.springframework.test.context.web.ServletTestExecutionListener.activateListener' -> true, 'org.springframework.test.context.web.ServletTestExecutionListener.populatedRequestContextHolder' -> true, 'org.springframework.test.context.web.ServletTestExecutionListener.resetRequestContextHolder' -> true]].
]]></system-out>
  </testcase>
</testsuite>